08-Mar-2022 14:42:30 INFO - com.infy.utility.LoggingAspectbefore 1 Before advice called.
08-Mar-2022 14:42:30 ERROR - com.infy.utility.LoggingAspectafterThrowing Service.WRONG_CREDENTIALS
com.infy.exception.InfyBankException: Service.WRONG_CREDENTIALS
	at com.infy.service.CustomerLoginServiceImpl.authenticateCustomer(CustomerLoginServiceImpl.java:26) ~[classes/:?]
	at com.infy.service.CustomerLoginServiceImpl$$FastClassBySpringCGLIB$$43a1c04c.invoke(<generated>) ~[classes/:?]
	at org.springframework.cglib.proxy.MethodProxy.invoke(MethodProxy.java:218) ~[spring-core-5.3.14.jar:5.3.14]
	at org.springframework.aop.framework.CglibAopProxy$CglibMethodInvocation.invokeJoinpoint(CglibAopProxy.java:783) ~[spring-aop-5.3.14.jar:5.3.14]
	at org.springframework.aop.framework.ReflectiveMethodInvocation.proceed(ReflectiveMethodInvocation.java:163) ~[spring-aop-5.3.14.jar:5.3.14]
	at org.springframework.aop.framework.CglibAopProxy$CglibMethodInvocation.proceed(CglibAopProxy.java:753) ~[spring-aop-5.3.14.jar:5.3.14]
	at org.springframework.aop.aspectj.AspectJAfterThrowingAdvice.invoke(AspectJAfterThrowingAdvice.java:64) [spring-aop-5.3.14.jar:5.3.14]
	at org.springframework.aop.framework.ReflectiveMethodInvocation.proceed(ReflectiveMethodInvocation.java:186) [spring-aop-5.3.14.jar:5.3.14]
	at org.springframework.aop.framework.CglibAopProxy$CglibMethodInvocation.proceed(CglibAopProxy.java:753) [spring-aop-5.3.14.jar:5.3.14]
	at org.springframework.aop.framework.adapter.AfterReturningAdviceInterceptor.invoke(AfterReturningAdviceInterceptor.java:57) [spring-aop-5.3.14.jar:5.3.14]
	at org.springframework.aop.framework.ReflectiveMethodInvocation.proceed(ReflectiveMethodInvocation.java:186) [spring-aop-5.3.14.jar:5.3.14]
	at org.springframework.aop.framework.CglibAopProxy$CglibMethodInvocation.proceed(CglibAopProxy.java:753) [spring-aop-5.3.14.jar:5.3.14]
	at org.springframework.aop.aspectj.AspectJAfterAdvice.invoke(AspectJAfterAdvice.java:49) [spring-aop-5.3.14.jar:5.3.14]
	at org.springframework.aop.framework.ReflectiveMethodInvocation.proceed(ReflectiveMethodInvocation.java:186) [spring-aop-5.3.14.jar:5.3.14]
	at org.springframework.aop.framework.CglibAopProxy$CglibMethodInvocation.proceed(CglibAopProxy.java:753) [spring-aop-5.3.14.jar:5.3.14]
	at org.springframework.aop.framework.adapter.MethodBeforeAdviceInterceptor.invoke(MethodBeforeAdviceInterceptor.java:58) [spring-aop-5.3.14.jar:5.3.14]
	at org.springframework.aop.framework.ReflectiveMethodInvocation.proceed(ReflectiveMethodInvocation.java:186) [spring-aop-5.3.14.jar:5.3.14]
	at org.springframework.aop.framework.CglibAopProxy$CglibMethodInvocation.proceed(CglibAopProxy.java:753) [spring-aop-5.3.14.jar:5.3.14]
	at org.springframework.aop.interceptor.ExposeInvocationInterceptor.invoke(ExposeInvocationInterceptor.java:97) [spring-aop-5.3.14.jar:5.3.14]
	at org.springframework.aop.framework.ReflectiveMethodInvocation.proceed(ReflectiveMethodInvocation.java:186) [spring-aop-5.3.14.jar:5.3.14]
	at org.springframework.aop.framework.CglibAopProxy$CglibMethodInvocation.proceed(CglibAopProxy.java:753) [spring-aop-5.3.14.jar:5.3.14]
	at org.springframework.aop.framework.CglibAopProxy$DynamicAdvisedInterceptor.intercept(CglibAopProxy.java:698) [spring-aop-5.3.14.jar:5.3.14]
	at com.infy.service.CustomerLoginServiceImpl$$EnhancerBySpringCGLIB$$f6873a3b.authenticateCustomer(<generated>) [classes/:?]
	at com.infy.controller.CustomerLoginController.authenticateCustomer(CustomerLoginController.java:17) [classes/:?]
	at com.infy.DemoSpringBootCoreApplication.run(DemoSpringBootCoreApplication.java:37) [classes/:?]
	at org.springframework.boot.SpringApplication.callRunner(SpringApplication.java:767) [spring-boot-2.6.2.jar:2.6.2]
	at org.springframework.boot.SpringApplication.callRunners(SpringApplication.java:751) [spring-boot-2.6.2.jar:2.6.2]
	at org.springframework.boot.SpringApplication.run(SpringApplication.java:309) [spring-boot-2.6.2.jar:2.6.2]
	at org.springframework.boot.SpringApplication.run(SpringApplication.java:1301) [spring-boot-2.6.2.jar:2.6.2]
	at org.springframework.boot.SpringApplication.run(SpringApplication.java:1290) [spring-boot-2.6.2.jar:2.6.2]
	at com.infy.DemoSpringBootCoreApplication.main(DemoSpringBootCoreApplication.java:27) [classes/:?]
08-Mar-2022 14:42:30 INFO - com.infy.utility.LoggingAspectafter 2  After advice called.
08-Mar-2022 14:43:51 INFO - com.infy.utility.LoggingAspectbefore 1 Before advice called.
08-Mar-2022 14:43:51 INFO - com.infy.utility.LoggingAspectafterReturning 3 After returning advice called.
08-Mar-2022 14:43:51 INFO - com.infy.utility.LoggingAspectafter 2  After advice called.
08-Mar-2022 14:49:01 INFO - com.infy.utility.LoggingAspectbefore 1 Before advice called.
08-Mar-2022 14:49:01 INFO - com.infy.utility.LoggingAspectafterReturning 3 After returning advice called.
08-Mar-2022 14:49:01 INFO - com.infy.utility.LoggingAspectafter 2  After advice called.
08-Mar-2022 14:49:01 INFO - com.infy.utility.LoggingAspectbefore 1 Before advice called.
08-Mar-2022 14:49:01 INFO - com.infy.utility.LoggingAspectafterReturning 3 After returning advice called.
08-Mar-2022 14:49:01 INFO - com.infy.utility.LoggingAspectafter 2  After advice called.
08-Mar-2022 14:52:19 INFO - com.infy.utility.LoggingAspectbefore 1 Before advice called.
08-Mar-2022 14:52:19 INFO - com.infy.utility.LoggingAspectafterReturning 3 After returning advice called.
08-Mar-2022 14:52:19 INFO - com.infy.utility.LoggingAspectafter 2  After advice called.
08-Mar-2022 14:52:52 INFO - com.infy.utility.LoggingAspectbefore 1 Before advice called.
08-Mar-2022 14:52:52 INFO - com.infy.utility.LoggingAspectafterReturning 3 After returning advice called.
08-Mar-2022 14:52:52 INFO - com.infy.utility.LoggingAspectafter 2  After advice called.
08-Mar-2022 14:52:52 INFO - com.infy.utility.LoggingAspectbefore 1 Before advice called.
08-Mar-2022 14:52:52 INFO - com.infy.utility.LoggingAspectafter 2  After advice called.
07-Apr-2022 12:19:52 INFO - com.infy.utility.LoggingAspectbefore 1 Before advice called.
07-Apr-2022 12:19:53 INFO - com.infy.utility.LoggingAspectafterReturning 3 After returning advice called.
07-Apr-2022 12:19:53 INFO - com.infy.utility.LoggingAspectafter 2  After advice called.
07-Apr-2022 12:19:53 INFO - com.infy.utility.LoggingAspectbefore 1 Before advice called.
07-Apr-2022 12:19:53 INFO - com.infy.utility.LoggingAspectafter 2  After advice called.
07-Apr-2022 12:23:20 INFO - com.infy.utility.LoggingAspectbefore 1 Before advice called.
07-Apr-2022 12:23:20 INFO - com.infy.utility.LoggingAspectafter 2  After advice called.
11-May-2022 10:39:45 INFO - com.infy.utility.LoggingAspectbefore 1 Before advice called.
11-May-2022 10:39:45 INFO - com.infy.utility.LoggingAspectafter 2  After advice called.
11-May-2022 10:41:12 INFO - com.infy.utility.LoggingAspectbefore 1 Before advice called.
11-May-2022 10:41:12 INFO - com.infy.utility.LoggingAspectafterReturning 3 After returning advice called.
11-May-2022 10:41:12 INFO - com.infy.utility.LoggingAspectafter 2  After advice called.
11-May-2022 10:41:12 INFO - com.infy.utility.LoggingAspectbefore 1 Before advice called.
11-May-2022 10:41:12 INFO - com.infy.utility.LoggingAspectafterReturning 3 After returning advice called.
11-May-2022 10:41:12 INFO - com.infy.utility.LoggingAspectafter 2  After advice called.
11-May-2022 10:43:28 INFO - com.infy.utility.LoggingAspectbefore 1 Before advice called.
11-May-2022 10:43:28 INFO - com.infy.utility.LoggingAspectbefore 1 Before advice called.
11-May-2022 10:43:28 INFO - com.infy.utility.LoggingAspectbefore 1 Before advice called.
11-May-2022 10:43:28 INFO - com.infy.utility.LoggingAspectafterReturning 3 After returning advice called.
11-May-2022 10:43:28 INFO - com.infy.utility.LoggingAspectafter 2  After advice called.
11-May-2022 10:43:28 INFO - com.infy.utility.LoggingAspectafterReturning 3 After returning advice called.
11-May-2022 10:43:28 INFO - com.infy.utility.LoggingAspectafter 2  After advice called.
11-May-2022 10:43:28 INFO - com.infy.utility.LoggingAspectafterReturning 3 After returning advice called.
11-May-2022 10:43:28 INFO - com.infy.utility.LoggingAspectafter 2  After advice called.
11-May-2022 10:43:28 INFO - com.infy.utility.LoggingAspectbefore 1 Before advice called.
11-May-2022 10:43:28 INFO - com.infy.utility.LoggingAspectbefore 1 Before advice called.
11-May-2022 10:43:28 INFO - com.infy.utility.LoggingAspectafterReturning 3 After returning advice called.
11-May-2022 10:43:28 INFO - com.infy.utility.LoggingAspectafter 2  After advice called.
11-May-2022 10:43:28 INFO - com.infy.utility.LoggingAspectafterReturning 3 After returning advice called.
11-May-2022 10:43:28 INFO - com.infy.utility.LoggingAspectafter 2  After advice called.
11-May-2022 10:44:56 INFO - com.infy.utility.LoggingAspectbefore 1 Before advice called.
11-May-2022 10:44:56 INFO - com.infy.utility.LoggingAspectbefore 1 Before advice called.
11-May-2022 10:44:56 INFO - com.infy.utility.LoggingAspectbefore 1 Before advice called.
11-May-2022 10:44:56 INFO - com.infy.utility.LoggingAspectafterReturning 3 After returning advice called.
11-May-2022 10:44:56 INFO - com.infy.utility.LoggingAspectafter 2  After advice called.
11-May-2022 10:44:56 INFO - com.infy.utility.LoggingAspectafterReturning 3 After returning advice called.
11-May-2022 10:44:56 INFO - com.infy.utility.LoggingAspectafter 2  After advice called.
11-May-2022 10:44:56 INFO - com.infy.utility.LoggingAspectafterReturning 3 After returning advice called.
11-May-2022 10:44:56 INFO - com.infy.utility.LoggingAspectafter 2  After advice called.
11-May-2022 10:44:56 INFO - com.infy.utility.LoggingAspectbefore 1 Before advice called.
11-May-2022 10:44:56 INFO - com.infy.utility.LoggingAspectbefore 1 Before advice called.
11-May-2022 10:44:56 INFO - com.infy.utility.LoggingAspectafter 2  After advice called.
11-May-2022 10:44:56 INFO - com.infy.utility.LoggingAspectafter 2  After advice called.
11-May-2022 10:45:54 INFO - com.infy.utility.LoggingAspectbefore 1 Before advice called.
11-May-2022 10:45:54 INFO - com.infy.utility.LoggingAspectbefore 1 Before advice called.
11-May-2022 10:45:54 INFO - com.infy.utility.LoggingAspectbefore 1 Before advice called.
11-May-2022 10:45:54 INFO - com.infy.utility.LoggingAspectafterReturning 3 After returning advice called.
11-May-2022 10:45:54 INFO - com.infy.utility.LoggingAspectafter 2  After advice called.
11-May-2022 10:45:54 INFO - com.infy.utility.LoggingAspectafterReturning 3 After returning advice called.
11-May-2022 10:45:54 INFO - com.infy.utility.LoggingAspectafter 2  After advice called.
11-May-2022 10:45:54 INFO - com.infy.utility.LoggingAspectafterReturning 3 After returning advice called.
11-May-2022 10:45:54 INFO - com.infy.utility.LoggingAspectafter 2  After advice called.
11-May-2022 10:45:54 INFO - com.infy.utility.LoggingAspectbefore 1 Before advice called.
11-May-2022 10:45:54 INFO - com.infy.utility.LoggingAspectbefore 1 Before advice called.
11-May-2022 10:45:54 ERROR - com.infy.utility.LoggingAspectafterThrowing MyException
com.infy.exception.InfyBankException: MyException
	at com.infy.service.CustomerLoginServiceImpl.getNumber(CustomerLoginServiceImpl.java:36) ~[classes/:?]
	at com.infy.service.CustomerLoginServiceImpl$$FastClassBySpringCGLIB$$43a1c04c.invoke(<generated>) ~[classes/:?]
	at org.springframework.cglib.proxy.MethodProxy.invoke(MethodProxy.java:218) ~[spring-core-5.3.14.jar:5.3.14]
	at org.springframework.aop.framework.CglibAopProxy$CglibMethodInvocation.invokeJoinpoint(CglibAopProxy.java:783) ~[spring-aop-5.3.14.jar:5.3.14]
	at org.springframework.aop.framework.ReflectiveMethodInvocation.proceed(ReflectiveMethodInvocation.java:163) ~[spring-aop-5.3.14.jar:5.3.14]
	at org.springframework.aop.framework.CglibAopProxy$CglibMethodInvocation.proceed(CglibAopProxy.java:753) ~[spring-aop-5.3.14.jar:5.3.14]
	at org.springframework.aop.aspectj.AspectJAfterThrowingAdvice.invoke(AspectJAfterThrowingAdvice.java:64) [spring-aop-5.3.14.jar:5.3.14]
	at org.springframework.aop.framework.ReflectiveMethodInvocation.proceed(ReflectiveMethodInvocation.java:186) [spring-aop-5.3.14.jar:5.3.14]
	at org.springframework.aop.framework.CglibAopProxy$CglibMethodInvocation.proceed(CglibAopProxy.java:753) [spring-aop-5.3.14.jar:5.3.14]
	at org.springframework.aop.framework.adapter.AfterReturningAdviceInterceptor.invoke(AfterReturningAdviceInterceptor.java:57) [spring-aop-5.3.14.jar:5.3.14]
	at org.springframework.aop.framework.ReflectiveMethodInvocation.proceed(ReflectiveMethodInvocation.java:186) [spring-aop-5.3.14.jar:5.3.14]
	at org.springframework.aop.framework.CglibAopProxy$CglibMethodInvocation.proceed(CglibAopProxy.java:753) [spring-aop-5.3.14.jar:5.3.14]
	at org.springframework.aop.aspectj.AspectJAfterAdvice.invoke(AspectJAfterAdvice.java:49) [spring-aop-5.3.14.jar:5.3.14]
	at org.springframework.aop.framework.ReflectiveMethodInvocation.proceed(ReflectiveMethodInvocation.java:186) [spring-aop-5.3.14.jar:5.3.14]
	at org.springframework.aop.framework.CglibAopProxy$CglibMethodInvocation.proceed(CglibAopProxy.java:753) [spring-aop-5.3.14.jar:5.3.14]
	at org.springframework.aop.framework.adapter.MethodBeforeAdviceInterceptor.invoke(MethodBeforeAdviceInterceptor.java:58) [spring-aop-5.3.14.jar:5.3.14]
	at org.springframework.aop.framework.ReflectiveMethodInvocation.proceed(ReflectiveMethodInvocation.java:186) [spring-aop-5.3.14.jar:5.3.14]
	at org.springframework.aop.framework.CglibAopProxy$CglibMethodInvocation.proceed(CglibAopProxy.java:753) [spring-aop-5.3.14.jar:5.3.14]
	at org.springframework.aop.interceptor.ExposeInvocationInterceptor.invoke(ExposeInvocationInterceptor.java:97) [spring-aop-5.3.14.jar:5.3.14]
	at org.springframework.aop.framework.ReflectiveMethodInvocation.proceed(ReflectiveMethodInvocation.java:186) [spring-aop-5.3.14.jar:5.3.14]
	at org.springframework.aop.framework.CglibAopProxy$CglibMethodInvocation.proceed(CglibAopProxy.java:753) [spring-aop-5.3.14.jar:5.3.14]
	at org.springframework.aop.framework.CglibAopProxy$DynamicAdvisedInterceptor.intercept(CglibAopProxy.java:698) [spring-aop-5.3.14.jar:5.3.14]
	at com.infy.service.CustomerLoginServiceImpl$$EnhancerBySpringCGLIB$$5bb9c36a.getNumber(<generated>) [classes/:?]
	at com.infy.controller.CustomerLoginController.getNumber(CustomerLoginController.java:20) [classes/:?]
	at com.infy.controller.CustomerLoginController$$FastClassBySpringCGLIB$$f3e9dd3e.invoke(<generated>) [classes/:?]
	at org.springframework.cglib.proxy.MethodProxy.invoke(MethodProxy.java:218) [spring-core-5.3.14.jar:5.3.14]
	at org.springframework.aop.framework.CglibAopProxy$CglibMethodInvocation.invokeJoinpoint(CglibAopProxy.java:783) [spring-aop-5.3.14.jar:5.3.14]
	at org.springframework.aop.framework.ReflectiveMethodInvocation.proceed(ReflectiveMethodInvocation.java:163) [spring-aop-5.3.14.jar:5.3.14]
	at org.springframework.aop.framework.CglibAopProxy$CglibMethodInvocation.proceed(CglibAopProxy.java:753) [spring-aop-5.3.14.jar:5.3.14]
	at org.springframework.aop.aspectj.AspectJAfterThrowingAdvice.invoke(AspectJAfterThrowingAdvice.java:64) [spring-aop-5.3.14.jar:5.3.14]
	at org.springframework.aop.framework.ReflectiveMethodInvocation.proceed(ReflectiveMethodInvocation.java:186) [spring-aop-5.3.14.jar:5.3.14]
	at org.springframework.aop.framework.CglibAopProxy$CglibMethodInvocation.proceed(CglibAopProxy.java:753) [spring-aop-5.3.14.jar:5.3.14]
	at org.springframework.aop.framework.adapter.AfterReturningAdviceInterceptor.invoke(AfterReturningAdviceInterceptor.java:57) [spring-aop-5.3.14.jar:5.3.14]
	at org.springframework.aop.framework.ReflectiveMethodInvocation.proceed(ReflectiveMethodInvocation.java:186) [spring-aop-5.3.14.jar:5.3.14]
	at org.springframework.aop.framework.CglibAopProxy$CglibMethodInvocation.proceed(CglibAopProxy.java:753) [spring-aop-5.3.14.jar:5.3.14]
	at org.springframework.aop.aspectj.AspectJAfterAdvice.invoke(AspectJAfterAdvice.java:49) [spring-aop-5.3.14.jar:5.3.14]
	at org.springframework.aop.framework.ReflectiveMethodInvocation.proceed(ReflectiveMethodInvocation.java:186) [spring-aop-5.3.14.jar:5.3.14]
	at org.springframework.aop.framework.CglibAopProxy$CglibMethodInvocation.proceed(CglibAopProxy.java:753) [spring-aop-5.3.14.jar:5.3.14]
	at org.springframework.aop.framework.adapter.MethodBeforeAdviceInterceptor.invoke(MethodBeforeAdviceInterceptor.java:58) [spring-aop-5.3.14.jar:5.3.14]
	at org.springframework.aop.framework.ReflectiveMethodInvocation.proceed(ReflectiveMethodInvocation.java:186) [spring-aop-5.3.14.jar:5.3.14]
	at org.springframework.aop.framework.CglibAopProxy$CglibMethodInvocation.proceed(CglibAopProxy.java:753) [spring-aop-5.3.14.jar:5.3.14]
	at org.springframework.aop.interceptor.ExposeInvocationInterceptor.invoke(ExposeInvocationInterceptor.java:97) [spring-aop-5.3.14.jar:5.3.14]
	at org.springframework.aop.framework.ReflectiveMethodInvocation.proceed(ReflectiveMethodInvocation.java:186) [spring-aop-5.3.14.jar:5.3.14]
	at org.springframework.aop.framework.CglibAopProxy$CglibMethodInvocation.proceed(CglibAopProxy.java:753) [spring-aop-5.3.14.jar:5.3.14]
	at org.springframework.aop.framework.CglibAopProxy$DynamicAdvisedInterceptor.intercept(CglibAopProxy.java:698) [spring-aop-5.3.14.jar:5.3.14]
	at com.infy.controller.CustomerLoginController$$EnhancerBySpringCGLIB$$658ac180.getNumber(<generated>) [classes/:?]
	at com.infy.DemoSpringBootCoreApplication.run(DemoSpringBootCoreApplication.java:38) [classes/:?]
	at org.springframework.boot.SpringApplication.callRunner(SpringApplication.java:767) [spring-boot-2.6.2.jar:2.6.2]
	at org.springframework.boot.SpringApplication.callRunners(SpringApplication.java:751) [spring-boot-2.6.2.jar:2.6.2]
	at org.springframework.boot.SpringApplication.run(SpringApplication.java:309) [spring-boot-2.6.2.jar:2.6.2]
	at org.springframework.boot.SpringApplication.run(SpringApplication.java:1301) [spring-boot-2.6.2.jar:2.6.2]
	at org.springframework.boot.SpringApplication.run(SpringApplication.java:1290) [spring-boot-2.6.2.jar:2.6.2]
	at com.infy.DemoSpringBootCoreApplication.main(DemoSpringBootCoreApplication.java:27) [classes/:?]
11-May-2022 10:45:54 INFO - com.infy.utility.LoggingAspectafter 2  After advice called.
11-May-2022 10:45:54 ERROR - com.infy.utility.LoggingAspectafterThrowing MyException
com.infy.exception.InfyBankException: MyException
	at com.infy.service.CustomerLoginServiceImpl.getNumber(CustomerLoginServiceImpl.java:36) ~[classes/:?]
	at com.infy.service.CustomerLoginServiceImpl$$FastClassBySpringCGLIB$$43a1c04c.invoke(<generated>) ~[classes/:?]
	at org.springframework.cglib.proxy.MethodProxy.invoke(MethodProxy.java:218) ~[spring-core-5.3.14.jar:5.3.14]
	at org.springframework.aop.framework.CglibAopProxy$CglibMethodInvocation.invokeJoinpoint(CglibAopProxy.java:783) ~[spring-aop-5.3.14.jar:5.3.14]
	at org.springframework.aop.framework.ReflectiveMethodInvocation.proceed(ReflectiveMethodInvocation.java:163) ~[spring-aop-5.3.14.jar:5.3.14]
	at org.springframework.aop.framework.CglibAopProxy$CglibMethodInvocation.proceed(CglibAopProxy.java:753) ~[spring-aop-5.3.14.jar:5.3.14]
	at org.springframework.aop.aspectj.AspectJAfterThrowingAdvice.invoke(AspectJAfterThrowingAdvice.java:64) ~[spring-aop-5.3.14.jar:5.3.14]
	at org.springframework.aop.framework.ReflectiveMethodInvocation.proceed(ReflectiveMethodInvocation.java:186) ~[spring-aop-5.3.14.jar:5.3.14]
	at org.springframework.aop.framework.CglibAopProxy$CglibMethodInvocation.proceed(CglibAopProxy.java:753) ~[spring-aop-5.3.14.jar:5.3.14]
	at org.springframework.aop.framework.adapter.AfterReturningAdviceInterceptor.invoke(AfterReturningAdviceInterceptor.java:57) ~[spring-aop-5.3.14.jar:5.3.14]
	at org.springframework.aop.framework.ReflectiveMethodInvocation.proceed(ReflectiveMethodInvocation.java:186) ~[spring-aop-5.3.14.jar:5.3.14]
	at org.springframework.aop.framework.CglibAopProxy$CglibMethodInvocation.proceed(CglibAopProxy.java:753) ~[spring-aop-5.3.14.jar:5.3.14]
	at org.springframework.aop.aspectj.AspectJAfterAdvice.invoke(AspectJAfterAdvice.java:49) ~[spring-aop-5.3.14.jar:5.3.14]
	at org.springframework.aop.framework.ReflectiveMethodInvocation.proceed(ReflectiveMethodInvocation.java:186) ~[spring-aop-5.3.14.jar:5.3.14]
	at org.springframework.aop.framework.CglibAopProxy$CglibMethodInvocation.proceed(CglibAopProxy.java:753) ~[spring-aop-5.3.14.jar:5.3.14]
	at org.springframework.aop.framework.adapter.MethodBeforeAdviceInterceptor.invoke(MethodBeforeAdviceInterceptor.java:58) ~[spring-aop-5.3.14.jar:5.3.14]
	at org.springframework.aop.framework.ReflectiveMethodInvocation.proceed(ReflectiveMethodInvocation.java:186) ~[spring-aop-5.3.14.jar:5.3.14]
	at org.springframework.aop.framework.CglibAopProxy$CglibMethodInvocation.proceed(CglibAopProxy.java:753) ~[spring-aop-5.3.14.jar:5.3.14]
	at org.springframework.aop.interceptor.ExposeInvocationInterceptor.invoke(ExposeInvocationInterceptor.java:97) ~[spring-aop-5.3.14.jar:5.3.14]
	at org.springframework.aop.framework.ReflectiveMethodInvocation.proceed(ReflectiveMethodInvocation.java:186) ~[spring-aop-5.3.14.jar:5.3.14]
	at org.springframework.aop.framework.CglibAopProxy$CglibMethodInvocation.proceed(CglibAopProxy.java:753) ~[spring-aop-5.3.14.jar:5.3.14]
	at org.springframework.aop.framework.CglibAopProxy$DynamicAdvisedInterceptor.intercept(CglibAopProxy.java:698) ~[spring-aop-5.3.14.jar:5.3.14]
	at com.infy.service.CustomerLoginServiceImpl$$EnhancerBySpringCGLIB$$5bb9c36a.getNumber(<generated>) ~[classes/:?]
	at com.infy.controller.CustomerLoginController.getNumber(CustomerLoginController.java:20) ~[classes/:?]
	at com.infy.controller.CustomerLoginController$$FastClassBySpringCGLIB$$f3e9dd3e.invoke(<generated>) ~[classes/:?]
	at org.springframework.cglib.proxy.MethodProxy.invoke(MethodProxy.java:218) ~[spring-core-5.3.14.jar:5.3.14]
	at org.springframework.aop.framework.CglibAopProxy$CglibMethodInvocation.invokeJoinpoint(CglibAopProxy.java:783) ~[spring-aop-5.3.14.jar:5.3.14]
	at org.springframework.aop.framework.ReflectiveMethodInvocation.proceed(ReflectiveMethodInvocation.java:163) ~[spring-aop-5.3.14.jar:5.3.14]
	at org.springframework.aop.framework.CglibAopProxy$CglibMethodInvocation.proceed(CglibAopProxy.java:753) ~[spring-aop-5.3.14.jar:5.3.14]
	at org.springframework.aop.aspectj.AspectJAfterThrowingAdvice.invoke(AspectJAfterThrowingAdvice.java:64) [spring-aop-5.3.14.jar:5.3.14]
	at org.springframework.aop.framework.ReflectiveMethodInvocation.proceed(ReflectiveMethodInvocation.java:186) [spring-aop-5.3.14.jar:5.3.14]
	at org.springframework.aop.framework.CglibAopProxy$CglibMethodInvocation.proceed(CglibAopProxy.java:753) [spring-aop-5.3.14.jar:5.3.14]
	at org.springframework.aop.framework.adapter.AfterReturningAdviceInterceptor.invoke(AfterReturningAdviceInterceptor.java:57) [spring-aop-5.3.14.jar:5.3.14]
	at org.springframework.aop.framework.ReflectiveMethodInvocation.proceed(ReflectiveMethodInvocation.java:186) [spring-aop-5.3.14.jar:5.3.14]
	at org.springframework.aop.framework.CglibAopProxy$CglibMethodInvocation.proceed(CglibAopProxy.java:753) [spring-aop-5.3.14.jar:5.3.14]
	at org.springframework.aop.aspectj.AspectJAfterAdvice.invoke(AspectJAfterAdvice.java:49) [spring-aop-5.3.14.jar:5.3.14]
	at org.springframework.aop.framework.ReflectiveMethodInvocation.proceed(ReflectiveMethodInvocation.java:186) [spring-aop-5.3.14.jar:5.3.14]
	at org.springframework.aop.framework.CglibAopProxy$CglibMethodInvocation.proceed(CglibAopProxy.java:753) [spring-aop-5.3.14.jar:5.3.14]
	at org.springframework.aop.framework.adapter.MethodBeforeAdviceInterceptor.invoke(MethodBeforeAdviceInterceptor.java:58) [spring-aop-5.3.14.jar:5.3.14]
	at org.springframework.aop.framework.ReflectiveMethodInvocation.proceed(ReflectiveMethodInvocation.java:186) [spring-aop-5.3.14.jar:5.3.14]
	at org.springframework.aop.framework.CglibAopProxy$CglibMethodInvocation.proceed(CglibAopProxy.java:753) [spring-aop-5.3.14.jar:5.3.14]
	at org.springframework.aop.interceptor.ExposeInvocationInterceptor.invoke(ExposeInvocationInterceptor.java:97) [spring-aop-5.3.14.jar:5.3.14]
	at org.springframework.aop.framework.ReflectiveMethodInvocation.proceed(ReflectiveMethodInvocation.java:186) [spring-aop-5.3.14.jar:5.3.14]
	at org.springframework.aop.framework.CglibAopProxy$CglibMethodInvocation.proceed(CglibAopProxy.java:753) [spring-aop-5.3.14.jar:5.3.14]
	at org.springframework.aop.framework.CglibAopProxy$DynamicAdvisedInterceptor.intercept(CglibAopProxy.java:698) [spring-aop-5.3.14.jar:5.3.14]
	at com.infy.controller.CustomerLoginController$$EnhancerBySpringCGLIB$$658ac180.getNumber(<generated>) [classes/:?]
	at com.infy.DemoSpringBootCoreApplication.run(DemoSpringBootCoreApplication.java:38) [classes/:?]
	at org.springframework.boot.SpringApplication.callRunner(SpringApplication.java:767) [spring-boot-2.6.2.jar:2.6.2]
	at org.springframework.boot.SpringApplication.callRunners(SpringApplication.java:751) [spring-boot-2.6.2.jar:2.6.2]
	at org.springframework.boot.SpringApplication.run(SpringApplication.java:309) [spring-boot-2.6.2.jar:2.6.2]
	at org.springframework.boot.SpringApplication.run(SpringApplication.java:1301) [spring-boot-2.6.2.jar:2.6.2]
	at org.springframework.boot.SpringApplication.run(SpringApplication.java:1290) [spring-boot-2.6.2.jar:2.6.2]
	at com.infy.DemoSpringBootCoreApplication.main(DemoSpringBootCoreApplication.java:27) [classes/:?]
11-May-2022 10:45:54 INFO - com.infy.utility.LoggingAspectafter 2  After advice called.
11-May-2022 10:55:03 INFO - com.infy.utility.LoggingAspectbefore 1 Before advice called.
11-May-2022 10:55:04 INFO - com.infy.utility.LoggingAspectbefore 1 Before advice called.
11-May-2022 10:55:04 INFO - com.infy.utility.LoggingAspectbefore 1 Before advice called.
11-May-2022 10:55:04 INFO - com.infy.utility.LoggingAspectafterReturning 3 After returning advice called.
11-May-2022 10:55:04 INFO - com.infy.utility.LoggingAspectafter 2  After advice called.
11-May-2022 10:55:04 INFO - com.infy.utility.LoggingAspectafterReturning 3 After returning advice called.
11-May-2022 10:55:04 INFO - com.infy.utility.LoggingAspectafter 2  After advice called.
11-May-2022 10:55:04 INFO - com.infy.utility.LoggingAspectafterReturning 3 After returning advice called.
11-May-2022 10:55:04 INFO - com.infy.utility.LoggingAspectafter 2  After advice called.
11-May-2022 10:55:04 INFO - com.infy.utility.LoggingAspectbefore 1 Before advice called.
11-May-2022 10:55:04 INFO - com.infy.utility.LoggingAspectbefore 1 Before advice called.
11-May-2022 10:55:04 INFO - com.infy.utility.LoggingAspectafterReturning 3 After returning advice called.
11-May-2022 10:55:04 INFO - com.infy.utility.LoggingAspectafter 2  After advice called.
11-May-2022 10:55:04 INFO - com.infy.utility.LoggingAspectafterReturning 3 After returning advice called.
11-May-2022 10:55:04 INFO - com.infy.utility.LoggingAspectafter 2  After advice called.
11-May-2022 10:59:26 INFO - com.infy.utility.LoggingAspectbefore 1 Before advice called.
11-May-2022 10:59:26 INFO - com.infy.utility.LoggingAspectaroundAdvice Before proceeding part of the Around advice.
11-May-2022 10:59:26 INFO - com.infy.utility.LoggingAspectbefore 1 Before advice called.
11-May-2022 10:59:26 INFO - com.infy.utility.LoggingAspectbefore 1 Before advice called.
11-May-2022 10:59:26 INFO - com.infy.utility.LoggingAspectafterReturning 3 After returning advice called.
11-May-2022 10:59:26 INFO - com.infy.utility.LoggingAspectafter 2  After advice called.
11-May-2022 10:59:26 INFO - com.infy.utility.LoggingAspectafterReturning 3 After returning advice called.
11-May-2022 10:59:26 INFO - com.infy.utility.LoggingAspectafter 2  After advice called.
11-May-2022 10:59:26 INFO - com.infy.utility.LoggingAspectaroundAdvice After proceeding part of the Around advice.
11-May-2022 10:59:26 INFO - com.infy.utility.LoggingAspectafterReturning 3 After returning advice called.
11-May-2022 10:59:26 INFO - com.infy.utility.LoggingAspectafter 2  After advice called.
11-May-2022 10:59:26 INFO - com.infy.utility.LoggingAspectbefore 1 Before advice called.
11-May-2022 10:59:26 INFO - com.infy.utility.LoggingAspectaroundAdvice Before proceeding part of the Around advice.
11-May-2022 10:59:26 INFO - com.infy.utility.LoggingAspectbefore 1 Before advice called.
11-May-2022 10:59:26 INFO - com.infy.utility.LoggingAspectafterReturning 3 After returning advice called.
11-May-2022 10:59:26 INFO - com.infy.utility.LoggingAspectafter 2  After advice called.
11-May-2022 10:59:26 INFO - com.infy.utility.LoggingAspectaroundAdvice After proceeding part of the Around advice.
11-May-2022 10:59:26 INFO - com.infy.utility.LoggingAspectafter 2  After advice called.
11-May-2022 11:00:27 INFO - com.infy.utility.LoggingAspectbefore 1 Before advice called.
11-May-2022 11:00:27 INFO - com.infy.utility.LoggingAspectaroundAdvice Before proceeding part of the Around advice.
11-May-2022 11:00:27 INFO - com.infy.utility.LoggingAspectbefore 1 Before advice called.
11-May-2022 11:00:27 INFO - com.infy.utility.LoggingAspectbefore 1 Before advice called.
11-May-2022 11:00:27 INFO - com.infy.utility.LoggingAspectafterReturning 3 After returning advice called.
11-May-2022 11:00:27 INFO - com.infy.utility.LoggingAspectafter 2  After advice called.
11-May-2022 11:00:27 INFO - com.infy.utility.LoggingAspectafterReturning 3 After returning advice called.
11-May-2022 11:00:27 INFO - com.infy.utility.LoggingAspectafter 2  After advice called.
11-May-2022 11:00:27 INFO - com.infy.utility.LoggingAspectaroundAdvice After proceeding part of the Around advice.
11-May-2022 11:00:27 INFO - com.infy.utility.LoggingAspectafterReturning 3 After returning advice called.
11-May-2022 11:00:27 INFO - com.infy.utility.LoggingAspectafter 2  After advice called.
11-May-2022 11:00:27 INFO - com.infy.utility.LoggingAspectbefore 1 Before advice called.
11-May-2022 11:00:27 INFO - com.infy.utility.LoggingAspectaroundAdvice Before proceeding part of the Around advice.
11-May-2022 11:00:27 INFO - com.infy.utility.LoggingAspectbefore 1 Before advice called.
11-May-2022 11:00:27 INFO - com.infy.utility.LoggingAspectafterReturning 3 After returning advice called.
11-May-2022 11:00:27 INFO - com.infy.utility.LoggingAspectafter 2  After advice called.
11-May-2022 11:00:27 INFO - com.infy.utility.LoggingAspectaroundAdvice After proceeding part of the Around advice.
11-May-2022 11:00:27 INFO - com.infy.utility.LoggingAspectafter 2  After advice called.
