08-Jul-2020 17:47:01 INFO - Starting DemoSpringDataOneToOneMappingApplication on MYSHEC119503L with PID 11484 (D:\content\FA2\new\zips\Demo_SpringData_OneToOneMapping\Demo_SpringData_OneToOneMapping\target\classes started by ria.singh in D:\content\FA2\new\zips\Demo_SpringData_OneToOneMapping\Demo_SpringData_OneToOneMapping)
08-Jul-2020 17:47:01 INFO - No active profile set, falling back to default profiles: default
08-Jul-2020 17:47:02 INFO - Bootstrapping Spring Data JPA repositories in DEFERRED mode.
08-Jul-2020 17:47:02 INFO - Finished Spring Data repository scanning in 85ms. Found 1 JPA repository interfaces.
08-Jul-2020 17:47:04 INFO - Initializing ExecutorService 'applicationTaskExecutor'
08-Jul-2020 17:47:04 INFO - HikariPool-1 - Starting...
08-Jul-2020 17:47:04 INFO - HikariPool-1 - Start completed.
08-Jul-2020 17:47:04 INFO - HHH000204: Processing PersistenceUnitInfo [name: default]
08-Jul-2020 17:47:05 INFO - HHH000412: Hibernate ORM core version 5.4.17.Final
08-Jul-2020 17:47:05 INFO - Triggering deferred initialization of Spring Data repositories…
08-Jul-2020 17:47:05 INFO - HCANN000001: Hibernate Commons Annotations {5.1.0.Final}
08-Jul-2020 17:47:06 INFO - HHH000400: Using dialect: org.hibernate.dialect.MySQL8Dialect
08-Jul-2020 17:47:07 INFO - HHH000490: Using JtaPlatform implementation: [org.hibernate.engine.transaction.jta.platform.internal.NoJtaPlatform]
08-Jul-2020 17:47:07 INFO - Initialized JPA EntityManagerFactory for persistence unit 'default'
08-Jul-2020 17:47:08 INFO - Spring Data repositories initialized!
08-Jul-2020 17:47:08 INFO - Started DemoSpringDataOneToOneMappingApplication in 7.602 seconds (JVM running for 9.535)
08-Jul-2020 17:47:08 ERROR - SERVICE.INVALID_CUSTOMERID
com.infy.exception.InfyBankException: SERVICE.INVALID_CUSTOMERID
	at com.infy.service.CustomerServiceImpl.lambda$2(CustomerServiceImpl.java:90) ~[classes/:?]
	at java.util.Optional.orElseThrow(Optional.java:408) ~[?:?]
	at com.infy.service.CustomerServiceImpl.deleteCustomer(CustomerServiceImpl.java:90) ~[classes/:?]
	at com.infy.service.CustomerServiceImpl$$FastClassBySpringCGLIB$$5a044175.invoke(<generated>) ~[classes/:?]
	at org.springframework.cglib.proxy.MethodProxy.invoke(MethodProxy.java:218) ~[spring-core-5.2.7.RELEASE.jar:5.2.7.RELEASE]
	at org.springframework.aop.framework.CglibAopProxy$CglibMethodInvocation.invokeJoinpoint(CglibAopProxy.java:771) ~[spring-aop-5.2.7.RELEASE.jar:5.2.7.RELEASE]
	at org.springframework.aop.framework.ReflectiveMethodInvocation.proceed(ReflectiveMethodInvocation.java:163) ~[spring-aop-5.2.7.RELEASE.jar:5.2.7.RELEASE]
	at org.springframework.aop.framework.CglibAopProxy$CglibMethodInvocation.proceed(CglibAopProxy.java:749) ~[spring-aop-5.2.7.RELEASE.jar:5.2.7.RELEASE]
	at org.springframework.aop.aspectj.AspectJAfterThrowingAdvice.invoke(AspectJAfterThrowingAdvice.java:62) ~[spring-aop-5.2.7.RELEASE.jar:5.2.7.RELEASE]
	at org.springframework.aop.framework.ReflectiveMethodInvocation.proceed(ReflectiveMethodInvocation.java:186) ~[spring-aop-5.2.7.RELEASE.jar:5.2.7.RELEASE]
	at org.springframework.aop.framework.CglibAopProxy$CglibMethodInvocation.proceed(CglibAopProxy.java:749) ~[spring-aop-5.2.7.RELEASE.jar:5.2.7.RELEASE]
	at org.springframework.transaction.interceptor.TransactionAspectSupport.invokeWithinTransaction(TransactionAspectSupport.java:367) [spring-tx-5.2.7.RELEASE.jar:5.2.7.RELEASE]
	at org.springframework.transaction.interceptor.TransactionInterceptor.invoke(TransactionInterceptor.java:118) [spring-tx-5.2.7.RELEASE.jar:5.2.7.RELEASE]
	at org.springframework.aop.framework.ReflectiveMethodInvocation.proceed(ReflectiveMethodInvocation.java:186) [spring-aop-5.2.7.RELEASE.jar:5.2.7.RELEASE]
	at org.springframework.aop.framework.CglibAopProxy$CglibMethodInvocation.proceed(CglibAopProxy.java:749) [spring-aop-5.2.7.RELEASE.jar:5.2.7.RELEASE]
	at org.springframework.aop.interceptor.ExposeInvocationInterceptor.invoke(ExposeInvocationInterceptor.java:95) [spring-aop-5.2.7.RELEASE.jar:5.2.7.RELEASE]
	at org.springframework.aop.framework.ReflectiveMethodInvocation.proceed(ReflectiveMethodInvocation.java:186) [spring-aop-5.2.7.RELEASE.jar:5.2.7.RELEASE]
	at org.springframework.aop.framework.CglibAopProxy$CglibMethodInvocation.proceed(CglibAopProxy.java:749) [spring-aop-5.2.7.RELEASE.jar:5.2.7.RELEASE]
	at org.springframework.aop.framework.CglibAopProxy$DynamicAdvisedInterceptor.intercept(CglibAopProxy.java:691) [spring-aop-5.2.7.RELEASE.jar:5.2.7.RELEASE]
	at com.infy.service.CustomerServiceImpl$$EnhancerBySpringCGLIB$$83d2828e.deleteCustomer(<generated>) [classes/:?]
	at com.infy.DemoSpringDataOneToOneMappingApplication.deleteCustomer(DemoSpringDataOneToOneMappingApplication.java:112) [classes/:?]
	at com.infy.DemoSpringDataOneToOneMappingApplication.run(DemoSpringDataOneToOneMappingApplication.java:33) [classes/:?]
	at org.springframework.boot.SpringApplication.callRunner(SpringApplication.java:795) [spring-boot-2.3.1.RELEASE.jar:2.3.1.RELEASE]
	at org.springframework.boot.SpringApplication.callRunners(SpringApplication.java:779) [spring-boot-2.3.1.RELEASE.jar:2.3.1.RELEASE]
	at org.springframework.boot.SpringApplication.run(SpringApplication.java:322) [spring-boot-2.3.1.RELEASE.jar:2.3.1.RELEASE]
	at org.springframework.boot.SpringApplication.run(SpringApplication.java:1237) [spring-boot-2.3.1.RELEASE.jar:2.3.1.RELEASE]
	at org.springframework.boot.SpringApplication.run(SpringApplication.java:1226) [spring-boot-2.3.1.RELEASE.jar:2.3.1.RELEASE]
	at com.infy.DemoSpringDataOneToOneMappingApplication.main(DemoSpringDataOneToOneMappingApplication.java:25) [classes/:?]
08-Jul-2020 17:56:05 INFO - Starting DemoSpringDataOneToOneMappingApplication on MYSHEC119503L with PID 1408 (D:\content\FA2\new\zips\Demo_SpringData_OneToOneMapping\Demo_SpringData_OneToOneMapping\target\classes started by ria.singh in D:\content\FA2\new\zips\Demo_SpringData_OneToOneMapping\Demo_SpringData_OneToOneMapping)
08-Jul-2020 17:56:05 INFO - No active profile set, falling back to default profiles: default
08-Jul-2020 17:56:06 INFO - Bootstrapping Spring Data JPA repositories in DEFERRED mode.
08-Jul-2020 17:56:06 INFO - Finished Spring Data repository scanning in 122ms. Found 1 JPA repository interfaces.
08-Jul-2020 17:56:08 INFO - Initializing ExecutorService 'applicationTaskExecutor'
08-Jul-2020 17:56:08 INFO - HikariPool-1 - Starting...
08-Jul-2020 17:56:09 INFO - HikariPool-1 - Start completed.
08-Jul-2020 17:56:09 INFO - HHH000204: Processing PersistenceUnitInfo [name: default]
08-Jul-2020 17:56:09 INFO - HHH000412: Hibernate ORM core version 5.4.17.Final
08-Jul-2020 17:56:10 INFO - Triggering deferred initialization of Spring Data repositories…
08-Jul-2020 17:56:10 INFO - HCANN000001: Hibernate Commons Annotations {5.1.0.Final}
08-Jul-2020 17:56:11 INFO - HHH000400: Using dialect: org.hibernate.dialect.MySQL8Dialect
08-Jul-2020 17:56:12 INFO - HHH000490: Using JtaPlatform implementation: [org.hibernate.engine.transaction.jta.platform.internal.NoJtaPlatform]
08-Jul-2020 17:56:12 INFO - Initialized JPA EntityManagerFactory for persistence unit 'default'
08-Jul-2020 17:56:12 INFO - Spring Data repositories initialized!
08-Jul-2020 17:56:12 INFO - Started DemoSpringDataOneToOneMappingApplication in 7.892 seconds (JVM running for 9.705)
17-Jul-2020 15:02:14 INFO - Bootstrapping Spring Data JPA repositories in DEFERRED mode.
17-Jul-2020 15:02:14 INFO - Finished Spring Data repository scanning in 74ms. Found 1 JPA repository interfaces.
17-Jul-2020 15:02:16 INFO - Initializing ExecutorService 'applicationTaskExecutor'
17-Jul-2020 15:02:16 INFO - HikariPool-1 - Starting...
17-Jul-2020 15:02:17 INFO - HikariPool-1 - Start completed.
17-Jul-2020 15:02:18 INFO - HHH000204: Processing PersistenceUnitInfo [name: default]
17-Jul-2020 15:02:18 INFO - HHH000412: Hibernate ORM core version 5.4.17.Final
17-Jul-2020 15:02:19 INFO - Triggering deferred initialization of Spring Data repositories…
17-Jul-2020 15:02:19 INFO - HCANN000001: Hibernate Commons Annotations {5.1.0.Final}
17-Jul-2020 15:02:20 INFO - HHH000400: Using dialect: org.hibernate.dialect.MySQL8Dialect
17-Jul-2020 15:02:22 INFO - HHH000490: Using JtaPlatform implementation: [org.hibernate.engine.transaction.jta.platform.internal.NoJtaPlatform]
17-Jul-2020 15:02:22 INFO - Initialized JPA EntityManagerFactory for persistence unit 'default'
17-Jul-2020 15:02:23 INFO - Spring Data repositories initialized!
17-Jul-2020 15:02:23 ERROR - SERVICE.INVALID_CUSTOMERID
com.infy.exception.InfyBankException: SERVICE.INVALID_CUSTOMERID
	at com.infy.service.CustomerServiceImpl.lambda$0(CustomerServiceImpl.java:31) ~[classes/:?]
	at java.util.Optional.orElseThrow(Optional.java:408) ~[?:?]
	at com.infy.service.CustomerServiceImpl.getCustomer(CustomerServiceImpl.java:31) ~[classes/:?]
	at com.infy.service.CustomerServiceImpl$$FastClassBySpringCGLIB$$5a044175.invoke(<generated>) ~[classes/:?]
	at org.springframework.cglib.proxy.MethodProxy.invoke(MethodProxy.java:218) ~[spring-core-5.2.7.RELEASE.jar:5.2.7.RELEASE]
	at org.springframework.aop.framework.CglibAopProxy$CglibMethodInvocation.invokeJoinpoint(CglibAopProxy.java:771) ~[spring-aop-5.2.7.RELEASE.jar:5.2.7.RELEASE]
	at org.springframework.aop.framework.ReflectiveMethodInvocation.proceed(ReflectiveMethodInvocation.java:163) ~[spring-aop-5.2.7.RELEASE.jar:5.2.7.RELEASE]
	at org.springframework.aop.framework.CglibAopProxy$CglibMethodInvocation.proceed(CglibAopProxy.java:749) ~[spring-aop-5.2.7.RELEASE.jar:5.2.7.RELEASE]
	at org.springframework.aop.aspectj.AspectJAfterThrowingAdvice.invoke(AspectJAfterThrowingAdvice.java:62) ~[spring-aop-5.2.7.RELEASE.jar:5.2.7.RELEASE]
	at org.springframework.aop.framework.ReflectiveMethodInvocation.proceed(ReflectiveMethodInvocation.java:186) ~[spring-aop-5.2.7.RELEASE.jar:5.2.7.RELEASE]
	at org.springframework.aop.framework.CglibAopProxy$CglibMethodInvocation.proceed(CglibAopProxy.java:749) ~[spring-aop-5.2.7.RELEASE.jar:5.2.7.RELEASE]
	at org.springframework.transaction.interceptor.TransactionAspectSupport.invokeWithinTransaction(TransactionAspectSupport.java:367) [spring-tx-5.2.7.RELEASE.jar:5.2.7.RELEASE]
	at org.springframework.transaction.interceptor.TransactionInterceptor.invoke(TransactionInterceptor.java:118) [spring-tx-5.2.7.RELEASE.jar:5.2.7.RELEASE]
	at org.springframework.aop.framework.ReflectiveMethodInvocation.proceed(ReflectiveMethodInvocation.java:186) [spring-aop-5.2.7.RELEASE.jar:5.2.7.RELEASE]
	at org.springframework.aop.framework.CglibAopProxy$CglibMethodInvocation.proceed(CglibAopProxy.java:749) [spring-aop-5.2.7.RELEASE.jar:5.2.7.RELEASE]
	at org.springframework.aop.interceptor.ExposeInvocationInterceptor.invoke(ExposeInvocationInterceptor.java:95) [spring-aop-5.2.7.RELEASE.jar:5.2.7.RELEASE]
	at org.springframework.aop.framework.ReflectiveMethodInvocation.proceed(ReflectiveMethodInvocation.java:186) [spring-aop-5.2.7.RELEASE.jar:5.2.7.RELEASE]
	at org.springframework.aop.framework.CglibAopProxy$CglibMethodInvocation.proceed(CglibAopProxy.java:749) [spring-aop-5.2.7.RELEASE.jar:5.2.7.RELEASE]
	at org.springframework.aop.framework.CglibAopProxy$DynamicAdvisedInterceptor.intercept(CglibAopProxy.java:691) [spring-aop-5.2.7.RELEASE.jar:5.2.7.RELEASE]
	at com.infy.service.CustomerServiceImpl$$EnhancerBySpringCGLIB$$e37bbf4.getCustomer(<generated>) [classes/:?]
	at com.infy.DemoSpringDataOneToOneMappingApplication.getCustomer(DemoSpringDataOneToOneMappingApplication.java:45) [classes/:?]
	at com.infy.DemoSpringDataOneToOneMappingApplication.run(DemoSpringDataOneToOneMappingApplication.java:34) [classes/:?]
	at org.springframework.boot.SpringApplication.callRunner(SpringApplication.java:795) [spring-boot-2.3.1.RELEASE.jar:2.3.1.RELEASE]
	at org.springframework.boot.SpringApplication.callRunners(SpringApplication.java:779) [spring-boot-2.3.1.RELEASE.jar:2.3.1.RELEASE]
	at org.springframework.boot.SpringApplication.run(SpringApplication.java:322) [spring-boot-2.3.1.RELEASE.jar:2.3.1.RELEASE]
	at org.springframework.boot.SpringApplication.run(SpringApplication.java:1237) [spring-boot-2.3.1.RELEASE.jar:2.3.1.RELEASE]
	at org.springframework.boot.SpringApplication.run(SpringApplication.java:1226) [spring-boot-2.3.1.RELEASE.jar:2.3.1.RELEASE]
	at com.infy.DemoSpringDataOneToOneMappingApplication.main(DemoSpringDataOneToOneMappingApplication.java:29) [classes/:?]
17-Jul-2020 15:02:57 INFO - Bootstrapping Spring Data JPA repositories in DEFERRED mode.
17-Jul-2020 15:02:57 INFO - Finished Spring Data repository scanning in 212ms. Found 1 JPA repository interfaces.
17-Jul-2020 15:02:59 INFO - Initializing ExecutorService 'applicationTaskExecutor'
17-Jul-2020 15:02:59 INFO - HikariPool-1 - Starting...
17-Jul-2020 15:03:00 INFO - HikariPool-1 - Start completed.
17-Jul-2020 15:03:01 INFO - HHH000204: Processing PersistenceUnitInfo [name: default]
17-Jul-2020 15:03:01 INFO - HHH000412: Hibernate ORM core version 5.4.17.Final
17-Jul-2020 15:03:01 INFO - Triggering deferred initialization of Spring Data repositories…
17-Jul-2020 15:03:02 INFO - HCANN000001: Hibernate Commons Annotations {5.1.0.Final}
17-Jul-2020 15:03:02 INFO - HHH000400: Using dialect: org.hibernate.dialect.MySQL8Dialect
17-Jul-2020 15:03:05 INFO - HHH000490: Using JtaPlatform implementation: [org.hibernate.engine.transaction.jta.platform.internal.NoJtaPlatform]
17-Jul-2020 15:03:05 INFO - Initialized JPA EntityManagerFactory for persistence unit 'default'
17-Jul-2020 15:03:05 INFO - Spring Data repositories initialized!
17-Jul-2020 15:04:05 INFO - Closing JPA EntityManagerFactory for persistence unit 'default'
17-Jul-2020 15:05:24 INFO - Bootstrapping Spring Data JPA repositories in DEFERRED mode.
17-Jul-2020 15:05:24 INFO - Finished Spring Data repository scanning in 123ms. Found 1 JPA repository interfaces.
17-Jul-2020 15:05:25 INFO - Initializing ExecutorService 'applicationTaskExecutor'
17-Jul-2020 15:05:25 INFO - HikariPool-1 - Starting...
17-Jul-2020 15:05:26 INFO - HikariPool-1 - Start completed.
17-Jul-2020 15:05:27 INFO - HHH000204: Processing PersistenceUnitInfo [name: default]
17-Jul-2020 15:05:27 INFO - HHH000412: Hibernate ORM core version 5.4.17.Final
17-Jul-2020 15:05:27 INFO - Triggering deferred initialization of Spring Data repositories…
17-Jul-2020 15:05:27 INFO - HCANN000001: Hibernate Commons Annotations {5.1.0.Final}
17-Jul-2020 15:05:28 INFO - HHH000400: Using dialect: org.hibernate.dialect.MySQL8Dialect
17-Jul-2020 15:05:30 INFO - HHH000490: Using JtaPlatform implementation: [org.hibernate.engine.transaction.jta.platform.internal.NoJtaPlatform]
17-Jul-2020 15:05:30 INFO - Initialized JPA EntityManagerFactory for persistence unit 'default'
17-Jul-2020 15:05:31 INFO - Spring Data repositories initialized!
17-Jul-2020 15:06:20 INFO - Bootstrapping Spring Data JPA repositories in DEFERRED mode.
17-Jul-2020 15:06:20 INFO - Finished Spring Data repository scanning in 117ms. Found 1 JPA repository interfaces.
17-Jul-2020 15:06:22 INFO - Initializing ExecutorService 'applicationTaskExecutor'
17-Jul-2020 15:06:22 INFO - HikariPool-1 - Starting...
17-Jul-2020 15:06:23 INFO - HikariPool-1 - Start completed.
17-Jul-2020 15:06:23 INFO - HHH000204: Processing PersistenceUnitInfo [name: default]
17-Jul-2020 15:06:24 INFO - HHH000412: Hibernate ORM core version 5.4.17.Final
17-Jul-2020 15:06:24 INFO - Triggering deferred initialization of Spring Data repositories…
17-Jul-2020 15:06:24 INFO - HCANN000001: Hibernate Commons Annotations {5.1.0.Final}
17-Jul-2020 15:06:25 INFO - HHH000400: Using dialect: org.hibernate.dialect.MySQL8Dialect
17-Jul-2020 15:06:26 INFO - HHH000490: Using JtaPlatform implementation: [org.hibernate.engine.transaction.jta.platform.internal.NoJtaPlatform]
17-Jul-2020 15:06:26 INFO - Initialized JPA EntityManagerFactory for persistence unit 'default'
17-Jul-2020 15:06:26 INFO - Spring Data repositories initialized!
17-Jul-2020 15:06:31 INFO - Closing JPA EntityManagerFactory for persistence unit 'default'
17-Jul-2020 15:07:08 INFO - Bootstrapping Spring Data JPA repositories in DEFERRED mode.
17-Jul-2020 15:07:08 INFO - Finished Spring Data repository scanning in 139ms. Found 1 JPA repository interfaces.
17-Jul-2020 15:07:10 INFO - Initializing ExecutorService 'applicationTaskExecutor'
17-Jul-2020 15:07:10 INFO - HikariPool-1 - Starting...
17-Jul-2020 15:07:11 INFO - HikariPool-1 - Start completed.
17-Jul-2020 15:07:11 INFO - HHH000204: Processing PersistenceUnitInfo [name: default]
17-Jul-2020 15:07:12 INFO - HHH000412: Hibernate ORM core version 5.4.17.Final
17-Jul-2020 15:07:12 INFO - Triggering deferred initialization of Spring Data repositories…
17-Jul-2020 15:07:12 INFO - HCANN000001: Hibernate Commons Annotations {5.1.0.Final}
17-Jul-2020 15:07:13 INFO - HHH000400: Using dialect: org.hibernate.dialect.MySQL8Dialect
17-Jul-2020 15:07:14 INFO - HHH000490: Using JtaPlatform implementation: [org.hibernate.engine.transaction.jta.platform.internal.NoJtaPlatform]
17-Jul-2020 15:07:14 INFO - Initialized JPA EntityManagerFactory for persistence unit 'default'
17-Jul-2020 15:07:15 INFO - Spring Data repositories initialized!
17-Jul-2020 15:07:26 INFO - Closing JPA EntityManagerFactory for persistence unit 'default'
17-Jul-2020 15:07:41 INFO - Bootstrapping Spring Data JPA repositories in DEFERRED mode.
17-Jul-2020 15:07:42 INFO - Finished Spring Data repository scanning in 145ms. Found 1 JPA repository interfaces.
17-Jul-2020 15:07:43 INFO - Initializing ExecutorService 'applicationTaskExecutor'
17-Jul-2020 15:07:43 INFO - HikariPool-1 - Starting...
17-Jul-2020 15:07:44 INFO - HikariPool-1 - Start completed.
17-Jul-2020 15:07:45 INFO - HHH000204: Processing PersistenceUnitInfo [name: default]
17-Jul-2020 15:07:45 INFO - HHH000412: Hibernate ORM core version 5.4.17.Final
17-Jul-2020 15:07:46 INFO - Triggering deferred initialization of Spring Data repositories…
17-Jul-2020 15:07:46 INFO - HCANN000001: Hibernate Commons Annotations {5.1.0.Final}
17-Jul-2020 15:07:47 INFO - HHH000400: Using dialect: org.hibernate.dialect.MySQL8Dialect
17-Jul-2020 15:07:48 INFO - HHH000490: Using JtaPlatform implementation: [org.hibernate.engine.transaction.jta.platform.internal.NoJtaPlatform]
17-Jul-2020 15:07:48 INFO - Initialized JPA EntityManagerFactory for persistence unit 'default'
17-Jul-2020 15:07:49 INFO - Spring Data repositories initialized!
17-Jul-2020 15:08:48 INFO - Closing JPA EntityManagerFactory for persistence unit 'default'
20-Jul-2020 15:46:12 INFO - Bootstrapping Spring Data JPA repositories in DEFERRED mode.
20-Jul-2020 15:46:12 INFO - Finished Spring Data repository scanning in 220ms. Found 1 JPA repository interfaces.
20-Jul-2020 15:46:13 INFO - Initializing ExecutorService 'applicationTaskExecutor'
20-Jul-2020 15:46:13 INFO - HikariPool-1 - Starting...
20-Jul-2020 15:46:16 INFO - HikariPool-1 - Start completed.
20-Jul-2020 15:46:16 INFO - HHH000204: Processing PersistenceUnitInfo [name: default]
20-Jul-2020 15:46:17 INFO - HHH000412: Hibernate ORM core version 5.4.17.Final
20-Jul-2020 15:46:17 INFO - Triggering deferred initialization of Spring Data repositories…
20-Jul-2020 15:46:17 INFO - HCANN000001: Hibernate Commons Annotations {5.1.0.Final}
20-Jul-2020 15:46:18 INFO - HHH000400: Using dialect: org.hibernate.dialect.MySQL8Dialect
20-Jul-2020 15:46:19 INFO - HHH000490: Using JtaPlatform implementation: [org.hibernate.engine.transaction.jta.platform.internal.NoJtaPlatform]
20-Jul-2020 15:46:19 INFO - Initialized JPA EntityManagerFactory for persistence unit 'default'
20-Jul-2020 15:46:19 INFO - Spring Data repositories initialized!
20-Jul-2020 15:47:20 INFO - Bootstrapping Spring Data JPA repositories in DEFERRED mode.
20-Jul-2020 15:47:20 INFO - Finished Spring Data repository scanning in 109ms. Found 1 JPA repository interfaces.
20-Jul-2020 15:47:22 INFO - Initializing ExecutorService 'applicationTaskExecutor'
20-Jul-2020 15:47:22 INFO - HikariPool-1 - Starting...
20-Jul-2020 15:47:23 INFO - HikariPool-1 - Start completed.
20-Jul-2020 15:47:23 INFO - HHH000204: Processing PersistenceUnitInfo [name: default]
20-Jul-2020 15:47:24 INFO - HHH000412: Hibernate ORM core version 5.4.17.Final
20-Jul-2020 15:47:24 INFO - Triggering deferred initialization of Spring Data repositories…
20-Jul-2020 15:47:24 INFO - HCANN000001: Hibernate Commons Annotations {5.1.0.Final}
20-Jul-2020 15:47:24 INFO - HHH000400: Using dialect: org.hibernate.dialect.MySQL8Dialect
20-Jul-2020 15:47:26 INFO - HHH000490: Using JtaPlatform implementation: [org.hibernate.engine.transaction.jta.platform.internal.NoJtaPlatform]
20-Jul-2020 15:47:26 INFO - Initialized JPA EntityManagerFactory for persistence unit 'default'
20-Jul-2020 15:47:26 INFO - Spring Data repositories initialized!
29-Dec-2021 14:47:55 INFO - Bootstrapping Spring Data JPA repositories in DEFAULT mode.
29-Dec-2021 14:47:55 INFO - Finished Spring Data repository scanning in 35 ms. Found 1 JPA repository interfaces.
29-Dec-2021 14:47:55 INFO - HikariPool-1 - Starting...
29-Dec-2021 14:47:56 INFO - HikariPool-1 - Start completed.
29-Dec-2021 14:47:56 INFO - HHH000204: Processing PersistenceUnitInfo [name: default]
29-Dec-2021 14:47:56 INFO - HHH000412: Hibernate ORM core version 5.6.3.Final
29-Dec-2021 14:47:56 INFO - HCANN000001: Hibernate Commons Annotations {5.1.2.Final}
29-Dec-2021 14:47:56 INFO - HHH000400: Using dialect: org.hibernate.dialect.MySQL8Dialect
29-Dec-2021 14:47:57 INFO - HHH000490: Using JtaPlatform implementation: [org.hibernate.engine.transaction.jta.platform.internal.NoJtaPlatform]
29-Dec-2021 14:47:57 INFO - Initialized JPA EntityManagerFactory for persistence unit 'default'
29-Dec-2021 14:47:57 INFO - Closing JPA EntityManagerFactory for persistence unit 'default'
29-Dec-2021 14:47:57 INFO - HikariPool-1 - Shutdown initiated...
29-Dec-2021 14:47:57 INFO - HikariPool-1 - Shutdown completed.
29-Dec-2021 17:18:02 INFO - Bootstrapping Spring Data JPA repositories in DEFAULT mode.
29-Dec-2021 17:18:02 INFO - Finished Spring Data repository scanning in 39 ms. Found 1 JPA repository interfaces.
29-Dec-2021 17:18:02 INFO - HikariPool-1 - Starting...
29-Dec-2021 17:18:03 INFO - HikariPool-1 - Start completed.
29-Dec-2021 17:18:03 INFO - HHH000204: Processing PersistenceUnitInfo [name: default]
29-Dec-2021 17:18:03 INFO - HHH000412: Hibernate ORM core version 5.6.3.Final
29-Dec-2021 17:18:03 INFO - HCANN000001: Hibernate Commons Annotations {5.1.2.Final}
29-Dec-2021 17:18:03 INFO - HHH000400: Using dialect: org.hibernate.dialect.MySQL8Dialect
29-Dec-2021 17:18:04 INFO - HHH000490: Using JtaPlatform implementation: [org.hibernate.engine.transaction.jta.platform.internal.NoJtaPlatform]
29-Dec-2021 17:18:04 INFO - Initialized JPA EntityManagerFactory for persistence unit 'default'
29-Dec-2021 17:18:05 INFO - Closing JPA EntityManagerFactory for persistence unit 'default'
29-Dec-2021 17:18:05 INFO - HikariPool-1 - Shutdown initiated...
29-Dec-2021 17:18:05 INFO - HikariPool-1 - Shutdown completed.
11-Mar-2022 10:10:56 INFO - Bootstrapping Spring Data JPA repositories in DEFAULT mode.
11-Mar-2022 10:10:56 INFO - Finished Spring Data repository scanning in 100 ms. Found 1 JPA repository interfaces.
11-Mar-2022 10:11:06 INFO - HHH000204: Processing PersistenceUnitInfo [name: default]
11-Mar-2022 10:11:12 INFO - HHH000412: Hibernate ORM core version 5.6.3.Final
11-Mar-2022 10:11:25 INFO - HCANN000001: Hibernate Commons Annotations {5.1.2.Final}
11-Mar-2022 10:11:28 INFO - HikariPool-1 - Starting...
11-Mar-2022 10:11:37 INFO - HikariPool-1 - Start completed.
11-Mar-2022 10:11:39 INFO - HHH000400: Using dialect: org.hibernate.dialect.MySQL8Dialect
11-Mar-2022 10:12:36 INFO - HHH000490: Using JtaPlatform implementation: [org.hibernate.engine.transaction.jta.platform.internal.NoJtaPlatform]
11-Mar-2022 10:12:36 INFO - Initialized JPA EntityManagerFactory for persistence unit 'default'
11-Mar-2022 10:12:43 INFO - Closing JPA EntityManagerFactory for persistence unit 'default'
11-Mar-2022 10:12:43 INFO - HikariPool-1 - Shutdown initiated...
11-Mar-2022 10:12:43 INFO - HikariPool-1 - Shutdown completed.
11-Mar-2022 10:15:52 INFO - Bootstrapping Spring Data JPA repositories in DEFAULT mode.
11-Mar-2022 10:15:52 INFO - Finished Spring Data repository scanning in 88 ms. Found 2 JPA repository interfaces.
11-Mar-2022 10:15:55 INFO - HHH000204: Processing PersistenceUnitInfo [name: default]
11-Mar-2022 10:15:55 INFO - HHH000412: Hibernate ORM core version 5.6.3.Final
11-Mar-2022 10:15:56 INFO - HCANN000001: Hibernate Commons Annotations {5.1.2.Final}
11-Mar-2022 10:15:57 INFO - HikariPool-1 - Starting...
11-Mar-2022 10:15:58 INFO - HikariPool-1 - Start completed.
11-Mar-2022 10:15:58 INFO - HHH000400: Using dialect: org.hibernate.dialect.MySQL8Dialect
11-Mar-2022 10:16:03 INFO - HHH000490: Using JtaPlatform implementation: [org.hibernate.engine.transaction.jta.platform.internal.NoJtaPlatform]
11-Mar-2022 10:16:03 INFO - Initialized JPA EntityManagerFactory for persistence unit 'default'
11-Mar-2022 10:16:06 INFO - Closing JPA EntityManagerFactory for persistence unit 'default'
11-Mar-2022 10:16:06 INFO - HikariPool-1 - Shutdown initiated...
11-Mar-2022 10:16:06 INFO - HikariPool-1 - Shutdown completed.
11-Mar-2022 10:28:28 INFO - Bootstrapping Spring Data JPA repositories in DEFAULT mode.
11-Mar-2022 10:28:29 INFO - Finished Spring Data repository scanning in 169 ms. Found 2 JPA repository interfaces.
11-Mar-2022 10:28:32 INFO - HHH000204: Processing PersistenceUnitInfo [name: default]
11-Mar-2022 10:28:43 INFO - HHH000412: Hibernate ORM core version 5.6.3.Final
11-Mar-2022 10:29:08 INFO - HCANN000001: Hibernate Commons Annotations {5.1.2.Final}
11-Mar-2022 10:29:16 INFO - HikariPool-1 - Starting...
11-Mar-2022 10:29:24 INFO - HikariPool-1 - Start completed.
11-Mar-2022 10:29:25 INFO - HHH000400: Using dialect: org.hibernate.dialect.MySQL8Dialect
11-Mar-2022 10:29:52 INFO - HHH000490: Using JtaPlatform implementation: [org.hibernate.engine.transaction.jta.platform.internal.NoJtaPlatform]
11-Mar-2022 10:29:52 INFO - Initialized JPA EntityManagerFactory for persistence unit 'default'
11-Mar-2022 10:29:55 INFO - Closing JPA EntityManagerFactory for persistence unit 'default'
11-Mar-2022 10:29:55 INFO - HikariPool-1 - Shutdown initiated...
11-Mar-2022 10:29:56 INFO - HikariPool-1 - Shutdown completed.
11-Mar-2022 10:32:04 INFO - Bootstrapping Spring Data JPA repositories in DEFAULT mode.
11-Mar-2022 10:32:04 INFO - Finished Spring Data repository scanning in 94 ms. Found 2 JPA repository interfaces.
11-Mar-2022 10:32:06 INFO - HHH000204: Processing PersistenceUnitInfo [name: default]
11-Mar-2022 10:32:06 INFO - HHH000412: Hibernate ORM core version 5.6.3.Final
11-Mar-2022 10:32:06 INFO - HCANN000001: Hibernate Commons Annotations {5.1.2.Final}
11-Mar-2022 10:32:06 INFO - HikariPool-1 - Starting...
11-Mar-2022 10:32:07 INFO - HikariPool-1 - Start completed.
11-Mar-2022 10:32:07 INFO - HHH000400: Using dialect: org.hibernate.dialect.MySQL8Dialect
11-Mar-2022 10:32:10 INFO - HHH000490: Using JtaPlatform implementation: [org.hibernate.engine.transaction.jta.platform.internal.NoJtaPlatform]
11-Mar-2022 10:32:10 INFO - Initialized JPA EntityManagerFactory for persistence unit 'default'
11-Mar-2022 10:32:12 ERROR - Service.INVALID_CUSTOMERID
com.infy.exception.InfyBankException: Service.INVALID_CUSTOMERID
	at com.infy.service.CustomerServiceImpl.lambda$0(CustomerServiceImpl.java:31) ~[classes/:?]
	at java.util.Optional.orElseThrow(Optional.java:401) ~[?:?]
	at com.infy.service.CustomerServiceImpl.getCustomer(CustomerServiceImpl.java:31) ~[classes/:?]
	at com.infy.service.CustomerServiceImpl$$FastClassBySpringCGLIB$$5a044175.invoke(<generated>) ~[classes/:?]
	at org.springframework.cglib.proxy.MethodProxy.invoke(MethodProxy.java:218) ~[spring-core-5.3.14.jar:5.3.14]
	at org.springframework.aop.framework.CglibAopProxy$CglibMethodInvocation.invokeJoinpoint(CglibAopProxy.java:783) ~[spring-aop-5.3.14.jar:5.3.14]
	at org.springframework.aop.framework.ReflectiveMethodInvocation.proceed(ReflectiveMethodInvocation.java:163) ~[spring-aop-5.3.14.jar:5.3.14]
	at org.springframework.aop.framework.CglibAopProxy$CglibMethodInvocation.proceed(CglibAopProxy.java:753) ~[spring-aop-5.3.14.jar:5.3.14]
	at org.springframework.aop.aspectj.AspectJAfterThrowingAdvice.invoke(AspectJAfterThrowingAdvice.java:64) [spring-aop-5.3.14.jar:5.3.14]
	at org.springframework.aop.framework.ReflectiveMethodInvocation.proceed(ReflectiveMethodInvocation.java:186) [spring-aop-5.3.14.jar:5.3.14]
	at org.springframework.aop.framework.CglibAopProxy$CglibMethodInvocation.proceed(CglibAopProxy.java:753) [spring-aop-5.3.14.jar:5.3.14]
	at org.springframework.transaction.interceptor.TransactionInterceptor$1.proceedWithInvocation(TransactionInterceptor.java:123) [spring-tx-5.3.14.jar:5.3.14]
	at org.springframework.transaction.interceptor.TransactionAspectSupport.invokeWithinTransaction(TransactionAspectSupport.java:388) [spring-tx-5.3.14.jar:5.3.14]
	at org.springframework.transaction.interceptor.TransactionInterceptor.invoke(TransactionInterceptor.java:119) [spring-tx-5.3.14.jar:5.3.14]
	at org.springframework.aop.framework.ReflectiveMethodInvocation.proceed(ReflectiveMethodInvocation.java:186) [spring-aop-5.3.14.jar:5.3.14]
	at org.springframework.aop.framework.CglibAopProxy$CglibMethodInvocation.proceed(CglibAopProxy.java:753) [spring-aop-5.3.14.jar:5.3.14]
	at org.springframework.aop.interceptor.ExposeInvocationInterceptor.invoke(ExposeInvocationInterceptor.java:97) [spring-aop-5.3.14.jar:5.3.14]
	at org.springframework.aop.framework.ReflectiveMethodInvocation.proceed(ReflectiveMethodInvocation.java:186) [spring-aop-5.3.14.jar:5.3.14]
	at org.springframework.aop.framework.CglibAopProxy$CglibMethodInvocation.proceed(CglibAopProxy.java:753) [spring-aop-5.3.14.jar:5.3.14]
	at org.springframework.aop.framework.CglibAopProxy$DynamicAdvisedInterceptor.intercept(CglibAopProxy.java:698) [spring-aop-5.3.14.jar:5.3.14]
	at com.infy.service.CustomerServiceImpl$$EnhancerBySpringCGLIB$$44fbe026.getCustomer(<generated>) [classes/:?]
	at com.infy.DemoOneToOneApplication.getCustomer(DemoOneToOneApplication.java:46) [classes/:?]
	at com.infy.DemoOneToOneApplication.run(DemoOneToOneApplication.java:34) [classes/:?]
	at org.springframework.boot.SpringApplication.callRunner(SpringApplication.java:767) [spring-boot-2.6.2.jar:2.6.2]
	at org.springframework.boot.SpringApplication.callRunners(SpringApplication.java:751) [spring-boot-2.6.2.jar:2.6.2]
	at org.springframework.boot.SpringApplication.run(SpringApplication.java:309) [spring-boot-2.6.2.jar:2.6.2]
	at org.springframework.boot.SpringApplication.run(SpringApplication.java:1301) [spring-boot-2.6.2.jar:2.6.2]
	at org.springframework.boot.SpringApplication.run(SpringApplication.java:1290) [spring-boot-2.6.2.jar:2.6.2]
	at com.infy.DemoOneToOneApplication.main(DemoOneToOneApplication.java:29) [classes/:?]
11-Mar-2022 10:32:13 INFO - Closing JPA EntityManagerFactory for persistence unit 'default'
11-Mar-2022 10:32:13 INFO - HikariPool-1 - Shutdown initiated...
11-Mar-2022 10:32:13 INFO - HikariPool-1 - Shutdown completed.
11-Apr-2022 15:48:29 INFO - Bootstrapping Spring Data JPA repositories in DEFAULT mode.
11-Apr-2022 15:48:29 INFO - Finished Spring Data repository scanning in 83 ms. Found 2 JPA repository interfaces.
11-Apr-2022 15:48:30 INFO - HHH000204: Processing PersistenceUnitInfo [name: default]
11-Apr-2022 15:48:31 INFO - HHH000412: Hibernate ORM core version 5.6.3.Final
11-Apr-2022 15:48:31 INFO - HCANN000001: Hibernate Commons Annotations {5.1.2.Final}
11-Apr-2022 15:48:31 INFO - HikariPool-1 - Starting...
11-Apr-2022 15:48:32 INFO - HikariPool-1 - Start completed.
11-Apr-2022 15:48:32 INFO - HHH000400: Using dialect: org.hibernate.dialect.MySQL8Dialect
11-Apr-2022 15:48:45 INFO - HHH000490: Using JtaPlatform implementation: [org.hibernate.engine.transaction.jta.platform.internal.NoJtaPlatform]
11-Apr-2022 15:48:45 INFO - Initialized JPA EntityManagerFactory for persistence unit 'default'
11-Apr-2022 15:48:46 ERROR - Service.INVALID_CUSTOMERID
com.infy.exception.InfyBankException: Service.INVALID_CUSTOMERID
	at com.infy.service.CustomerServiceImpl.lambda$0(CustomerServiceImpl.java:32) ~[classes/:?]
	at java.util.Optional.orElseThrow(Optional.java:401) ~[?:?]
	at com.infy.service.CustomerServiceImpl.getCustomer(CustomerServiceImpl.java:32) ~[classes/:?]
	at com.infy.service.CustomerServiceImpl$$FastClassBySpringCGLIB$$5a044175.invoke(<generated>) ~[classes/:?]
	at org.springframework.cglib.proxy.MethodProxy.invoke(MethodProxy.java:218) ~[spring-core-5.3.14.jar:5.3.14]
	at org.springframework.aop.framework.CglibAopProxy$CglibMethodInvocation.invokeJoinpoint(CglibAopProxy.java:783) ~[spring-aop-5.3.14.jar:5.3.14]
	at org.springframework.aop.framework.ReflectiveMethodInvocation.proceed(ReflectiveMethodInvocation.java:163) ~[spring-aop-5.3.14.jar:5.3.14]
	at org.springframework.aop.framework.CglibAopProxy$CglibMethodInvocation.proceed(CglibAopProxy.java:753) ~[spring-aop-5.3.14.jar:5.3.14]
	at org.springframework.aop.aspectj.AspectJAfterThrowingAdvice.invoke(AspectJAfterThrowingAdvice.java:64) [spring-aop-5.3.14.jar:5.3.14]
	at org.springframework.aop.framework.ReflectiveMethodInvocation.proceed(ReflectiveMethodInvocation.java:186) [spring-aop-5.3.14.jar:5.3.14]
	at org.springframework.aop.framework.CglibAopProxy$CglibMethodInvocation.proceed(CglibAopProxy.java:753) [spring-aop-5.3.14.jar:5.3.14]
	at org.springframework.transaction.interceptor.TransactionInterceptor$1.proceedWithInvocation(TransactionInterceptor.java:123) [spring-tx-5.3.14.jar:5.3.14]
	at org.springframework.transaction.interceptor.TransactionAspectSupport.invokeWithinTransaction(TransactionAspectSupport.java:388) [spring-tx-5.3.14.jar:5.3.14]
	at org.springframework.transaction.interceptor.TransactionInterceptor.invoke(TransactionInterceptor.java:119) [spring-tx-5.3.14.jar:5.3.14]
	at org.springframework.aop.framework.ReflectiveMethodInvocation.proceed(ReflectiveMethodInvocation.java:186) [spring-aop-5.3.14.jar:5.3.14]
	at org.springframework.aop.framework.CglibAopProxy$CglibMethodInvocation.proceed(CglibAopProxy.java:753) [spring-aop-5.3.14.jar:5.3.14]
	at org.springframework.aop.interceptor.ExposeInvocationInterceptor.invoke(ExposeInvocationInterceptor.java:97) [spring-aop-5.3.14.jar:5.3.14]
	at org.springframework.aop.framework.ReflectiveMethodInvocation.proceed(ReflectiveMethodInvocation.java:186) [spring-aop-5.3.14.jar:5.3.14]
	at org.springframework.aop.framework.CglibAopProxy$CglibMethodInvocation.proceed(CglibAopProxy.java:753) [spring-aop-5.3.14.jar:5.3.14]
	at org.springframework.aop.framework.CglibAopProxy$DynamicAdvisedInterceptor.intercept(CglibAopProxy.java:698) [spring-aop-5.3.14.jar:5.3.14]
	at com.infy.service.CustomerServiceImpl$$EnhancerBySpringCGLIB$$d04efe07.getCustomer(<generated>) [classes/:?]
	at com.infy.DemoOneToOneApplication.getCustomer(DemoOneToOneApplication.java:46) [classes/:?]
	at com.infy.DemoOneToOneApplication.run(DemoOneToOneApplication.java:34) [classes/:?]
	at org.springframework.boot.SpringApplication.callRunner(SpringApplication.java:767) [spring-boot-2.6.2.jar:2.6.2]
	at org.springframework.boot.SpringApplication.callRunners(SpringApplication.java:751) [spring-boot-2.6.2.jar:2.6.2]
	at org.springframework.boot.SpringApplication.run(SpringApplication.java:309) [spring-boot-2.6.2.jar:2.6.2]
	at org.springframework.boot.SpringApplication.run(SpringApplication.java:1301) [spring-boot-2.6.2.jar:2.6.2]
	at org.springframework.boot.SpringApplication.run(SpringApplication.java:1290) [spring-boot-2.6.2.jar:2.6.2]
	at com.infy.DemoOneToOneApplication.main(DemoOneToOneApplication.java:29) [classes/:?]
11-Apr-2022 15:48:46 INFO - Closing JPA EntityManagerFactory for persistence unit 'default'
11-Apr-2022 15:48:46 INFO - HikariPool-1 - Shutdown initiated...
11-Apr-2022 15:48:46 INFO - HikariPool-1 - Shutdown completed.
11-Apr-2022 15:49:18 INFO - Bootstrapping Spring Data JPA repositories in DEFAULT mode.
11-Apr-2022 15:49:18 INFO - Finished Spring Data repository scanning in 113 ms. Found 2 JPA repository interfaces.
11-Apr-2022 15:49:19 INFO - HHH000204: Processing PersistenceUnitInfo [name: default]
11-Apr-2022 15:49:19 INFO - HHH000412: Hibernate ORM core version 5.6.3.Final
11-Apr-2022 15:49:20 INFO - HCANN000001: Hibernate Commons Annotations {5.1.2.Final}
11-Apr-2022 15:49:20 INFO - HikariPool-1 - Starting...
11-Apr-2022 15:49:21 INFO - HikariPool-1 - Start completed.
11-Apr-2022 15:49:21 INFO - HHH000400: Using dialect: org.hibernate.dialect.MySQL8Dialect
11-Apr-2022 15:49:23 INFO - HHH000490: Using JtaPlatform implementation: [org.hibernate.engine.transaction.jta.platform.internal.NoJtaPlatform]
11-Apr-2022 15:49:23 INFO - Initialized JPA EntityManagerFactory for persistence unit 'default'
11-Apr-2022 15:49:25 ERROR - Service.INVALID_CUSTOMERID
com.infy.exception.InfyBankException: Service.INVALID_CUSTOMERID
	at com.infy.service.CustomerServiceImpl.lambda$0(CustomerServiceImpl.java:32) ~[classes/:?]
	at java.util.Optional.orElseThrow(Optional.java:401) ~[?:?]
	at com.infy.service.CustomerServiceImpl.getCustomer(CustomerServiceImpl.java:32) ~[classes/:?]
	at com.infy.service.CustomerServiceImpl$$FastClassBySpringCGLIB$$5a044175.invoke(<generated>) ~[classes/:?]
	at org.springframework.cglib.proxy.MethodProxy.invoke(MethodProxy.java:218) ~[spring-core-5.3.14.jar:5.3.14]
	at org.springframework.aop.framework.CglibAopProxy$CglibMethodInvocation.invokeJoinpoint(CglibAopProxy.java:783) ~[spring-aop-5.3.14.jar:5.3.14]
	at org.springframework.aop.framework.ReflectiveMethodInvocation.proceed(ReflectiveMethodInvocation.java:163) ~[spring-aop-5.3.14.jar:5.3.14]
	at org.springframework.aop.framework.CglibAopProxy$CglibMethodInvocation.proceed(CglibAopProxy.java:753) ~[spring-aop-5.3.14.jar:5.3.14]
	at org.springframework.aop.aspectj.AspectJAfterThrowingAdvice.invoke(AspectJAfterThrowingAdvice.java:64) [spring-aop-5.3.14.jar:5.3.14]
	at org.springframework.aop.framework.ReflectiveMethodInvocation.proceed(ReflectiveMethodInvocation.java:186) [spring-aop-5.3.14.jar:5.3.14]
	at org.springframework.aop.framework.CglibAopProxy$CglibMethodInvocation.proceed(CglibAopProxy.java:753) [spring-aop-5.3.14.jar:5.3.14]
	at org.springframework.transaction.interceptor.TransactionInterceptor$1.proceedWithInvocation(TransactionInterceptor.java:123) [spring-tx-5.3.14.jar:5.3.14]
	at org.springframework.transaction.interceptor.TransactionAspectSupport.invokeWithinTransaction(TransactionAspectSupport.java:388) [spring-tx-5.3.14.jar:5.3.14]
	at org.springframework.transaction.interceptor.TransactionInterceptor.invoke(TransactionInterceptor.java:119) [spring-tx-5.3.14.jar:5.3.14]
	at org.springframework.aop.framework.ReflectiveMethodInvocation.proceed(ReflectiveMethodInvocation.java:186) [spring-aop-5.3.14.jar:5.3.14]
	at org.springframework.aop.framework.CglibAopProxy$CglibMethodInvocation.proceed(CglibAopProxy.java:753) [spring-aop-5.3.14.jar:5.3.14]
	at org.springframework.aop.interceptor.ExposeInvocationInterceptor.invoke(ExposeInvocationInterceptor.java:97) [spring-aop-5.3.14.jar:5.3.14]
	at org.springframework.aop.framework.ReflectiveMethodInvocation.proceed(ReflectiveMethodInvocation.java:186) [spring-aop-5.3.14.jar:5.3.14]
	at org.springframework.aop.framework.CglibAopProxy$CglibMethodInvocation.proceed(CglibAopProxy.java:753) [spring-aop-5.3.14.jar:5.3.14]
	at org.springframework.aop.framework.CglibAopProxy$DynamicAdvisedInterceptor.intercept(CglibAopProxy.java:698) [spring-aop-5.3.14.jar:5.3.14]
	at com.infy.service.CustomerServiceImpl$$EnhancerBySpringCGLIB$$c25b8f3f.getCustomer(<generated>) [classes/:?]
	at com.infy.DemoOneToOneApplication.getCustomer(DemoOneToOneApplication.java:47) [classes/:?]
	at com.infy.DemoOneToOneApplication.run(DemoOneToOneApplication.java:35) [classes/:?]
	at org.springframework.boot.SpringApplication.callRunner(SpringApplication.java:767) [spring-boot-2.6.2.jar:2.6.2]
	at org.springframework.boot.SpringApplication.callRunners(SpringApplication.java:751) [spring-boot-2.6.2.jar:2.6.2]
	at org.springframework.boot.SpringApplication.run(SpringApplication.java:309) [spring-boot-2.6.2.jar:2.6.2]
	at org.springframework.boot.SpringApplication.run(SpringApplication.java:1301) [spring-boot-2.6.2.jar:2.6.2]
	at org.springframework.boot.SpringApplication.run(SpringApplication.java:1290) [spring-boot-2.6.2.jar:2.6.2]
	at com.infy.DemoOneToOneApplication.main(DemoOneToOneApplication.java:29) [classes/:?]
11-Apr-2022 15:49:25 INFO - Closing JPA EntityManagerFactory for persistence unit 'default'
11-Apr-2022 15:49:25 INFO - HikariPool-1 - Shutdown initiated...
11-Apr-2022 15:49:25 INFO - HikariPool-1 - Shutdown completed.
11-Apr-2022 15:50:37 INFO - Bootstrapping Spring Data JPA repositories in DEFAULT mode.
11-Apr-2022 15:50:37 INFO - Finished Spring Data repository scanning in 80 ms. Found 2 JPA repository interfaces.
11-Apr-2022 15:50:38 INFO - HHH000204: Processing PersistenceUnitInfo [name: default]
11-Apr-2022 15:50:38 INFO - HHH000412: Hibernate ORM core version 5.6.3.Final
11-Apr-2022 15:50:38 INFO - HCANN000001: Hibernate Commons Annotations {5.1.2.Final}
11-Apr-2022 15:50:39 INFO - HikariPool-1 - Starting...
11-Apr-2022 15:50:40 INFO - HikariPool-1 - Start completed.
11-Apr-2022 15:50:40 INFO - HHH000400: Using dialect: org.hibernate.dialect.MySQL8Dialect
11-Apr-2022 15:50:42 INFO - HHH000490: Using JtaPlatform implementation: [org.hibernate.engine.transaction.jta.platform.internal.NoJtaPlatform]
11-Apr-2022 15:50:42 INFO - Initialized JPA EntityManagerFactory for persistence unit 'default'
11-Apr-2022 15:50:44 INFO - Closing JPA EntityManagerFactory for persistence unit 'default'
11-Apr-2022 15:50:44 INFO - HikariPool-1 - Shutdown initiated...
11-Apr-2022 15:50:44 INFO - HikariPool-1 - Shutdown completed.
12-Apr-2022 10:16:22 INFO - Bootstrapping Spring Data JPA repositories in DEFAULT mode.
12-Apr-2022 10:16:22 INFO - Finished Spring Data repository scanning in 147 ms. Found 2 JPA repository interfaces.
12-Apr-2022 10:16:28 INFO - HHH000204: Processing PersistenceUnitInfo [name: default]
12-Apr-2022 10:16:30 INFO - HHH000412: Hibernate ORM core version 5.6.3.Final
12-Apr-2022 10:16:40 INFO - HCANN000001: Hibernate Commons Annotations {5.1.2.Final}
12-Apr-2022 10:16:43 INFO - HikariPool-1 - Starting...
12-Apr-2022 10:16:52 INFO - HikariPool-1 - Start completed.
12-Apr-2022 10:16:53 INFO - HHH000400: Using dialect: org.hibernate.dialect.MySQL8Dialect
12-Apr-2022 10:17:35 INFO - Bootstrapping Spring Data JPA repositories in DEFAULT mode.
12-Apr-2022 10:17:36 INFO - Finished Spring Data repository scanning in 137 ms. Found 2 JPA repository interfaces.
12-Apr-2022 10:17:38 INFO - HHH000204: Processing PersistenceUnitInfo [name: default]
12-Apr-2022 10:17:38 INFO - HHH000412: Hibernate ORM core version 5.6.3.Final
12-Apr-2022 10:17:38 INFO - HCANN000001: Hibernate Commons Annotations {5.1.2.Final}
12-Apr-2022 10:17:38 INFO - HikariPool-1 - Starting...
12-Apr-2022 10:17:40 INFO - HikariPool-1 - Start completed.
12-Apr-2022 10:17:40 INFO - HHH000400: Using dialect: org.hibernate.dialect.MySQL8Dialect
12-Apr-2022 10:18:48 WARN - GenerationTarget encountered exception accepting command : Error executing DDL "create table addresso2o4 (address_id bigint not null auto_increment, city varchar(255), street varchar(255), primary key (address_id)) engine=InnoDB" via JDBC Statement
org.hibernate.tool.schema.spi.CommandAcceptanceException: Error executing DDL "create table addresso2o4 (address_id bigint not null auto_increment, city varchar(255), street varchar(255), primary key (address_id)) engine=InnoDB" via JDBC Statement
	at org.hibernate.tool.schema.internal.exec.GenerationTargetToDatabase.accept(GenerationTargetToDatabase.java:67) ~[hibernate-core-5.6.3.Final.jar:5.6.3.Final]
	at org.hibernate.tool.schema.internal.AbstractSchemaMigrator.applySqlString(AbstractSchemaMigrator.java:581) ~[hibernate-core-5.6.3.Final.jar:5.6.3.Final]
	at org.hibernate.tool.schema.internal.AbstractSchemaMigrator.applySqlStrings(AbstractSchemaMigrator.java:526) ~[hibernate-core-5.6.3.Final.jar:5.6.3.Final]
	at org.hibernate.tool.schema.internal.AbstractSchemaMigrator.createTable(AbstractSchemaMigrator.java:293) ~[hibernate-core-5.6.3.Final.jar:5.6.3.Final]
	at org.hibernate.tool.schema.internal.GroupedSchemaMigratorImpl.performTablesMigration(GroupedSchemaMigratorImpl.java:74) ~[hibernate-core-5.6.3.Final.jar:5.6.3.Final]
	at org.hibernate.tool.schema.internal.AbstractSchemaMigrator.performMigration(AbstractSchemaMigrator.java:220) ~[hibernate-core-5.6.3.Final.jar:5.6.3.Final]
	at org.hibernate.tool.schema.internal.AbstractSchemaMigrator.doMigration(AbstractSchemaMigrator.java:123) ~[hibernate-core-5.6.3.Final.jar:5.6.3.Final]
	at org.hibernate.tool.schema.spi.SchemaManagementToolCoordinator.performDatabaseAction(SchemaManagementToolCoordinator.java:192) ~[hibernate-core-5.6.3.Final.jar:5.6.3.Final]
	at org.hibernate.tool.schema.spi.SchemaManagementToolCoordinator.process(SchemaManagementToolCoordinator.java:81) ~[hibernate-core-5.6.3.Final.jar:5.6.3.Final]
	at org.hibernate.internal.SessionFactoryImpl.<init>(SessionFactoryImpl.java:335) ~[hibernate-core-5.6.3.Final.jar:5.6.3.Final]
	at org.hibernate.boot.internal.SessionFactoryBuilderImpl.build(SessionFactoryBuilderImpl.java:471) ~[hibernate-core-5.6.3.Final.jar:5.6.3.Final]
	at org.hibernate.jpa.boot.internal.EntityManagerFactoryBuilderImpl.build(EntityManagerFactoryBuilderImpl.java:1498) ~[hibernate-core-5.6.3.Final.jar:5.6.3.Final]
	at org.springframework.orm.jpa.vendor.SpringHibernateJpaPersistenceProvider.createContainerEntityManagerFactory(SpringHibernateJpaPersistenceProvider.java:58) ~[spring-orm-5.3.14.jar:5.3.14]
	at org.springframework.orm.jpa.LocalContainerEntityManagerFactoryBean.createNativeEntityManagerFactory(LocalContainerEntityManagerFactoryBean.java:365) ~[spring-orm-5.3.14.jar:5.3.14]
	at org.springframework.orm.jpa.AbstractEntityManagerFactoryBean.buildNativeEntityManagerFactory(AbstractEntityManagerFactoryBean.java:409) ~[spring-orm-5.3.14.jar:5.3.14]
	at org.springframework.orm.jpa.AbstractEntityManagerFactoryBean.afterPropertiesSet(AbstractEntityManagerFactoryBean.java:396) ~[spring-orm-5.3.14.jar:5.3.14]
	at org.springframework.orm.jpa.LocalContainerEntityManagerFactoryBean.afterPropertiesSet(LocalContainerEntityManagerFactoryBean.java:341) ~[spring-orm-5.3.14.jar:5.3.14]
	at org.springframework.beans.factory.support.AbstractAutowireCapableBeanFactory.invokeInitMethods(AbstractAutowireCapableBeanFactory.java:1863) ~[spring-beans-5.3.14.jar:5.3.14]
	at org.springframework.beans.factory.support.AbstractAutowireCapableBeanFactory.initializeBean(AbstractAutowireCapableBeanFactory.java:1800) ~[spring-beans-5.3.14.jar:5.3.14]
	at org.springframework.beans.factory.support.AbstractAutowireCapableBeanFactory.doCreateBean(AbstractAutowireCapableBeanFactory.java:620) ~[spring-beans-5.3.14.jar:5.3.14]
	at org.springframework.beans.factory.support.AbstractAutowireCapableBeanFactory.createBean(AbstractAutowireCapableBeanFactory.java:542) ~[spring-beans-5.3.14.jar:5.3.14]
	at org.springframework.beans.factory.support.AbstractBeanFactory.lambda$doGetBean$0(AbstractBeanFactory.java:335) ~[spring-beans-5.3.14.jar:5.3.14]
	at org.springframework.beans.factory.support.DefaultSingletonBeanRegistry.getSingleton(DefaultSingletonBeanRegistry.java:234) [spring-beans-5.3.14.jar:5.3.14]
	at org.springframework.beans.factory.support.AbstractBeanFactory.doGetBean(AbstractBeanFactory.java:333) [spring-beans-5.3.14.jar:5.3.14]
	at org.springframework.beans.factory.support.AbstractBeanFactory.getBean(AbstractBeanFactory.java:208) [spring-beans-5.3.14.jar:5.3.14]
	at org.springframework.context.support.AbstractApplicationContext.getBean(AbstractApplicationContext.java:1154) [spring-context-5.3.14.jar:5.3.14]
	at org.springframework.context.support.AbstractApplicationContext.finishBeanFactoryInitialization(AbstractApplicationContext.java:908) [spring-context-5.3.14.jar:5.3.14]
	at org.springframework.context.support.AbstractApplicationContext.refresh(AbstractApplicationContext.java:583) [spring-context-5.3.14.jar:5.3.14]
	at org.springframework.boot.SpringApplication.refresh(SpringApplication.java:730) [spring-boot-2.6.2.jar:2.6.2]
	at org.springframework.boot.SpringApplication.refreshContext(SpringApplication.java:412) [spring-boot-2.6.2.jar:2.6.2]
	at org.springframework.boot.SpringApplication.run(SpringApplication.java:302) [spring-boot-2.6.2.jar:2.6.2]
	at org.springframework.boot.SpringApplication.run(SpringApplication.java:1301) [spring-boot-2.6.2.jar:2.6.2]
	at org.springframework.boot.SpringApplication.run(SpringApplication.java:1290) [spring-boot-2.6.2.jar:2.6.2]
	at com.infy.DemoOneToOneApplication.main(DemoOneToOneApplication.java:29) [classes/:?]
Caused by: java.sql.SQLSyntaxErrorException: Table 'addresso2o4' already exists
	at com.mysql.cj.jdbc.exceptions.SQLError.createSQLException(SQLError.java:120) ~[mysql-connector-java-8.0.27.jar:8.0.27]
	at com.mysql.cj.jdbc.exceptions.SQLExceptionsMapping.translateException(SQLExceptionsMapping.java:122) ~[mysql-connector-java-8.0.27.jar:8.0.27]
	at com.mysql.cj.jdbc.StatementImpl.executeInternal(StatementImpl.java:768) ~[mysql-connector-java-8.0.27.jar:8.0.27]
	at com.mysql.cj.jdbc.StatementImpl.execute(StatementImpl.java:653) ~[mysql-connector-java-8.0.27.jar:8.0.27]
	at com.zaxxer.hikari.pool.ProxyStatement.execute(ProxyStatement.java:94) ~[HikariCP-4.0.3.jar:?]
	at com.zaxxer.hikari.pool.HikariProxyStatement.execute(HikariProxyStatement.java) ~[HikariCP-4.0.3.jar:?]
	at org.hibernate.tool.schema.internal.exec.GenerationTargetToDatabase.accept(GenerationTargetToDatabase.java:54) ~[hibernate-core-5.6.3.Final.jar:5.6.3.Final]
	... 33 more
12-Apr-2022 10:18:56 WARN - GenerationTarget encountered exception accepting command : Error executing DDL "create table customero2o4 (customer_id integer not null auto_increment, date_of_birth date, emailid varchar(255), name varchar(255), address_id bigint, primary key (customer_id)) engine=InnoDB" via JDBC Statement
org.hibernate.tool.schema.spi.CommandAcceptanceException: Error executing DDL "create table customero2o4 (customer_id integer not null auto_increment, date_of_birth date, emailid varchar(255), name varchar(255), address_id bigint, primary key (customer_id)) engine=InnoDB" via JDBC Statement
	at org.hibernate.tool.schema.internal.exec.GenerationTargetToDatabase.accept(GenerationTargetToDatabase.java:67) ~[hibernate-core-5.6.3.Final.jar:5.6.3.Final]
	at org.hibernate.tool.schema.internal.AbstractSchemaMigrator.applySqlString(AbstractSchemaMigrator.java:581) ~[hibernate-core-5.6.3.Final.jar:5.6.3.Final]
	at org.hibernate.tool.schema.internal.AbstractSchemaMigrator.applySqlStrings(AbstractSchemaMigrator.java:526) ~[hibernate-core-5.6.3.Final.jar:5.6.3.Final]
	at org.hibernate.tool.schema.internal.AbstractSchemaMigrator.createTable(AbstractSchemaMigrator.java:293) ~[hibernate-core-5.6.3.Final.jar:5.6.3.Final]
	at org.hibernate.tool.schema.internal.GroupedSchemaMigratorImpl.performTablesMigration(GroupedSchemaMigratorImpl.java:74) ~[hibernate-core-5.6.3.Final.jar:5.6.3.Final]
	at org.hibernate.tool.schema.internal.AbstractSchemaMigrator.performMigration(AbstractSchemaMigrator.java:220) ~[hibernate-core-5.6.3.Final.jar:5.6.3.Final]
	at org.hibernate.tool.schema.internal.AbstractSchemaMigrator.doMigration(AbstractSchemaMigrator.java:123) ~[hibernate-core-5.6.3.Final.jar:5.6.3.Final]
	at org.hibernate.tool.schema.spi.SchemaManagementToolCoordinator.performDatabaseAction(SchemaManagementToolCoordinator.java:192) ~[hibernate-core-5.6.3.Final.jar:5.6.3.Final]
	at org.hibernate.tool.schema.spi.SchemaManagementToolCoordinator.process(SchemaManagementToolCoordinator.java:81) ~[hibernate-core-5.6.3.Final.jar:5.6.3.Final]
	at org.hibernate.internal.SessionFactoryImpl.<init>(SessionFactoryImpl.java:335) ~[hibernate-core-5.6.3.Final.jar:5.6.3.Final]
	at org.hibernate.boot.internal.SessionFactoryBuilderImpl.build(SessionFactoryBuilderImpl.java:471) ~[hibernate-core-5.6.3.Final.jar:5.6.3.Final]
	at org.hibernate.jpa.boot.internal.EntityManagerFactoryBuilderImpl.build(EntityManagerFactoryBuilderImpl.java:1498) ~[hibernate-core-5.6.3.Final.jar:5.6.3.Final]
	at org.springframework.orm.jpa.vendor.SpringHibernateJpaPersistenceProvider.createContainerEntityManagerFactory(SpringHibernateJpaPersistenceProvider.java:58) ~[spring-orm-5.3.14.jar:5.3.14]
	at org.springframework.orm.jpa.LocalContainerEntityManagerFactoryBean.createNativeEntityManagerFactory(LocalContainerEntityManagerFactoryBean.java:365) ~[spring-orm-5.3.14.jar:5.3.14]
	at org.springframework.orm.jpa.AbstractEntityManagerFactoryBean.buildNativeEntityManagerFactory(AbstractEntityManagerFactoryBean.java:409) ~[spring-orm-5.3.14.jar:5.3.14]
	at org.springframework.orm.jpa.AbstractEntityManagerFactoryBean.afterPropertiesSet(AbstractEntityManagerFactoryBean.java:396) ~[spring-orm-5.3.14.jar:5.3.14]
	at org.springframework.orm.jpa.LocalContainerEntityManagerFactoryBean.afterPropertiesSet(LocalContainerEntityManagerFactoryBean.java:341) ~[spring-orm-5.3.14.jar:5.3.14]
	at org.springframework.beans.factory.support.AbstractAutowireCapableBeanFactory.invokeInitMethods(AbstractAutowireCapableBeanFactory.java:1863) ~[spring-beans-5.3.14.jar:5.3.14]
	at org.springframework.beans.factory.support.AbstractAutowireCapableBeanFactory.initializeBean(AbstractAutowireCapableBeanFactory.java:1800) ~[spring-beans-5.3.14.jar:5.3.14]
	at org.springframework.beans.factory.support.AbstractAutowireCapableBeanFactory.doCreateBean(AbstractAutowireCapableBeanFactory.java:620) ~[spring-beans-5.3.14.jar:5.3.14]
	at org.springframework.beans.factory.support.AbstractAutowireCapableBeanFactory.createBean(AbstractAutowireCapableBeanFactory.java:542) ~[spring-beans-5.3.14.jar:5.3.14]
	at org.springframework.beans.factory.support.AbstractBeanFactory.lambda$doGetBean$0(AbstractBeanFactory.java:335) ~[spring-beans-5.3.14.jar:5.3.14]
	at org.springframework.beans.factory.support.DefaultSingletonBeanRegistry.getSingleton(DefaultSingletonBeanRegistry.java:234) [spring-beans-5.3.14.jar:5.3.14]
	at org.springframework.beans.factory.support.AbstractBeanFactory.doGetBean(AbstractBeanFactory.java:333) [spring-beans-5.3.14.jar:5.3.14]
	at org.springframework.beans.factory.support.AbstractBeanFactory.getBean(AbstractBeanFactory.java:208) [spring-beans-5.3.14.jar:5.3.14]
	at org.springframework.context.support.AbstractApplicationContext.getBean(AbstractApplicationContext.java:1154) [spring-context-5.3.14.jar:5.3.14]
	at org.springframework.context.support.AbstractApplicationContext.finishBeanFactoryInitialization(AbstractApplicationContext.java:908) [spring-context-5.3.14.jar:5.3.14]
	at org.springframework.context.support.AbstractApplicationContext.refresh(AbstractApplicationContext.java:583) [spring-context-5.3.14.jar:5.3.14]
	at org.springframework.boot.SpringApplication.refresh(SpringApplication.java:730) [spring-boot-2.6.2.jar:2.6.2]
	at org.springframework.boot.SpringApplication.refreshContext(SpringApplication.java:412) [spring-boot-2.6.2.jar:2.6.2]
	at org.springframework.boot.SpringApplication.run(SpringApplication.java:302) [spring-boot-2.6.2.jar:2.6.2]
	at org.springframework.boot.SpringApplication.run(SpringApplication.java:1301) [spring-boot-2.6.2.jar:2.6.2]
	at org.springframework.boot.SpringApplication.run(SpringApplication.java:1290) [spring-boot-2.6.2.jar:2.6.2]
	at com.infy.DemoOneToOneApplication.main(DemoOneToOneApplication.java:29) [classes/:?]
Caused by: java.sql.SQLSyntaxErrorException: Table 'customero2o4' already exists
	at com.mysql.cj.jdbc.exceptions.SQLError.createSQLException(SQLError.java:120) ~[mysql-connector-java-8.0.27.jar:8.0.27]
	at com.mysql.cj.jdbc.exceptions.SQLExceptionsMapping.translateException(SQLExceptionsMapping.java:122) ~[mysql-connector-java-8.0.27.jar:8.0.27]
	at com.mysql.cj.jdbc.StatementImpl.executeInternal(StatementImpl.java:768) ~[mysql-connector-java-8.0.27.jar:8.0.27]
	at com.mysql.cj.jdbc.StatementImpl.execute(StatementImpl.java:653) ~[mysql-connector-java-8.0.27.jar:8.0.27]
	at com.zaxxer.hikari.pool.ProxyStatement.execute(ProxyStatement.java:94) ~[HikariCP-4.0.3.jar:?]
	at com.zaxxer.hikari.pool.HikariProxyStatement.execute(HikariProxyStatement.java) ~[HikariCP-4.0.3.jar:?]
	at org.hibernate.tool.schema.internal.exec.GenerationTargetToDatabase.accept(GenerationTargetToDatabase.java:54) ~[hibernate-core-5.6.3.Final.jar:5.6.3.Final]
	... 33 more
12-Apr-2022 10:19:34 INFO - HHH000490: Using JtaPlatform implementation: [org.hibernate.engine.transaction.jta.platform.internal.NoJtaPlatform]
12-Apr-2022 10:19:34 INFO - Initialized JPA EntityManagerFactory for persistence unit 'default'
12-Apr-2022 10:19:35 WARN - GenerationTarget encountered exception accepting command : Error executing DDL "alter table customero2o4 add constraint FKhcubevoagv72lvb0okbrlk5uv foreign key (address_id) references addresso2o4 (address_id)" via JDBC Statement
org.hibernate.tool.schema.spi.CommandAcceptanceException: Error executing DDL "alter table customero2o4 add constraint FKhcubevoagv72lvb0okbrlk5uv foreign key (address_id) references addresso2o4 (address_id)" via JDBC Statement
	at org.hibernate.tool.schema.internal.exec.GenerationTargetToDatabase.accept(GenerationTargetToDatabase.java:67) ~[hibernate-core-5.6.3.Final.jar:5.6.3.Final]
	at org.hibernate.tool.schema.internal.AbstractSchemaMigrator.applySqlString(AbstractSchemaMigrator.java:581) ~[hibernate-core-5.6.3.Final.jar:5.6.3.Final]
	at org.hibernate.tool.schema.internal.AbstractSchemaMigrator.applySqlStrings(AbstractSchemaMigrator.java:526) ~[hibernate-core-5.6.3.Final.jar:5.6.3.Final]
	at org.hibernate.tool.schema.internal.AbstractSchemaMigrator.applyForeignKeys(AbstractSchemaMigrator.java:452) ~[hibernate-core-5.6.3.Final.jar:5.6.3.Final]
	at org.hibernate.tool.schema.internal.AbstractSchemaMigrator.performMigration(AbstractSchemaMigrator.java:263) ~[hibernate-core-5.6.3.Final.jar:5.6.3.Final]
	at org.hibernate.tool.schema.internal.AbstractSchemaMigrator.doMigration(AbstractSchemaMigrator.java:123) ~[hibernate-core-5.6.3.Final.jar:5.6.3.Final]
	at org.hibernate.tool.schema.spi.SchemaManagementToolCoordinator.performDatabaseAction(SchemaManagementToolCoordinator.java:192) ~[hibernate-core-5.6.3.Final.jar:5.6.3.Final]
	at org.hibernate.tool.schema.spi.SchemaManagementToolCoordinator.process(SchemaManagementToolCoordinator.java:81) ~[hibernate-core-5.6.3.Final.jar:5.6.3.Final]
	at org.hibernate.internal.SessionFactoryImpl.<init>(SessionFactoryImpl.java:335) ~[hibernate-core-5.6.3.Final.jar:5.6.3.Final]
	at org.hibernate.boot.internal.SessionFactoryBuilderImpl.build(SessionFactoryBuilderImpl.java:471) ~[hibernate-core-5.6.3.Final.jar:5.6.3.Final]
	at org.hibernate.jpa.boot.internal.EntityManagerFactoryBuilderImpl.build(EntityManagerFactoryBuilderImpl.java:1498) ~[hibernate-core-5.6.3.Final.jar:5.6.3.Final]
	at org.springframework.orm.jpa.vendor.SpringHibernateJpaPersistenceProvider.createContainerEntityManagerFactory(SpringHibernateJpaPersistenceProvider.java:58) ~[spring-orm-5.3.14.jar:5.3.14]
	at org.springframework.orm.jpa.LocalContainerEntityManagerFactoryBean.createNativeEntityManagerFactory(LocalContainerEntityManagerFactoryBean.java:365) ~[spring-orm-5.3.14.jar:5.3.14]
	at org.springframework.orm.jpa.AbstractEntityManagerFactoryBean.buildNativeEntityManagerFactory(AbstractEntityManagerFactoryBean.java:409) ~[spring-orm-5.3.14.jar:5.3.14]
	at org.springframework.orm.jpa.AbstractEntityManagerFactoryBean.afterPropertiesSet(AbstractEntityManagerFactoryBean.java:396) ~[spring-orm-5.3.14.jar:5.3.14]
	at org.springframework.orm.jpa.LocalContainerEntityManagerFactoryBean.afterPropertiesSet(LocalContainerEntityManagerFactoryBean.java:341) ~[spring-orm-5.3.14.jar:5.3.14]
	at org.springframework.beans.factory.support.AbstractAutowireCapableBeanFactory.invokeInitMethods(AbstractAutowireCapableBeanFactory.java:1863) ~[spring-beans-5.3.14.jar:5.3.14]
	at org.springframework.beans.factory.support.AbstractAutowireCapableBeanFactory.initializeBean(AbstractAutowireCapableBeanFactory.java:1800) ~[spring-beans-5.3.14.jar:5.3.14]
	at org.springframework.beans.factory.support.AbstractAutowireCapableBeanFactory.doCreateBean(AbstractAutowireCapableBeanFactory.java:620) ~[spring-beans-5.3.14.jar:5.3.14]
	at org.springframework.beans.factory.support.AbstractAutowireCapableBeanFactory.createBean(AbstractAutowireCapableBeanFactory.java:542) ~[spring-beans-5.3.14.jar:5.3.14]
	at org.springframework.beans.factory.support.AbstractBeanFactory.lambda$doGetBean$0(AbstractBeanFactory.java:335) ~[spring-beans-5.3.14.jar:5.3.14]
	at org.springframework.beans.factory.support.DefaultSingletonBeanRegistry.getSingleton(DefaultSingletonBeanRegistry.java:234) [spring-beans-5.3.14.jar:5.3.14]
	at org.springframework.beans.factory.support.AbstractBeanFactory.doGetBean(AbstractBeanFactory.java:333) [spring-beans-5.3.14.jar:5.3.14]
	at org.springframework.beans.factory.support.AbstractBeanFactory.getBean(AbstractBeanFactory.java:208) [spring-beans-5.3.14.jar:5.3.14]
	at org.springframework.context.support.AbstractApplicationContext.getBean(AbstractApplicationContext.java:1154) [spring-context-5.3.14.jar:5.3.14]
	at org.springframework.context.support.AbstractApplicationContext.finishBeanFactoryInitialization(AbstractApplicationContext.java:908) [spring-context-5.3.14.jar:5.3.14]
	at org.springframework.context.support.AbstractApplicationContext.refresh(AbstractApplicationContext.java:583) [spring-context-5.3.14.jar:5.3.14]
	at org.springframework.boot.SpringApplication.refresh(SpringApplication.java:730) [spring-boot-2.6.2.jar:2.6.2]
	at org.springframework.boot.SpringApplication.refreshContext(SpringApplication.java:412) [spring-boot-2.6.2.jar:2.6.2]
	at org.springframework.boot.SpringApplication.run(SpringApplication.java:302) [spring-boot-2.6.2.jar:2.6.2]
	at org.springframework.boot.SpringApplication.run(SpringApplication.java:1301) [spring-boot-2.6.2.jar:2.6.2]
	at org.springframework.boot.SpringApplication.run(SpringApplication.java:1290) [spring-boot-2.6.2.jar:2.6.2]
	at com.infy.DemoOneToOneApplication.main(DemoOneToOneApplication.java:29) [classes/:?]
Caused by: java.sql.SQLException: Duplicate foreign key constraint name 'FKhcubevoagv72lvb0okbrlk5uv'
	at com.mysql.cj.jdbc.exceptions.SQLError.createSQLException(SQLError.java:129) ~[mysql-connector-java-8.0.27.jar:8.0.27]
	at com.mysql.cj.jdbc.exceptions.SQLExceptionsMapping.translateException(SQLExceptionsMapping.java:122) ~[mysql-connector-java-8.0.27.jar:8.0.27]
	at com.mysql.cj.jdbc.StatementImpl.executeInternal(StatementImpl.java:768) ~[mysql-connector-java-8.0.27.jar:8.0.27]
	at com.mysql.cj.jdbc.StatementImpl.execute(StatementImpl.java:653) ~[mysql-connector-java-8.0.27.jar:8.0.27]
	at com.zaxxer.hikari.pool.ProxyStatement.execute(ProxyStatement.java:94) ~[HikariCP-4.0.3.jar:?]
	at com.zaxxer.hikari.pool.HikariProxyStatement.execute(HikariProxyStatement.java) ~[HikariCP-4.0.3.jar:?]
	at org.hibernate.tool.schema.internal.exec.GenerationTargetToDatabase.accept(GenerationTargetToDatabase.java:54) ~[hibernate-core-5.6.3.Final.jar:5.6.3.Final]
	... 32 more
12-Apr-2022 10:19:35 INFO - HHH000490: Using JtaPlatform implementation: [org.hibernate.engine.transaction.jta.platform.internal.NoJtaPlatform]
12-Apr-2022 10:19:35 INFO - Initialized JPA EntityManagerFactory for persistence unit 'default'
12-Apr-2022 10:19:46 INFO - Closing JPA EntityManagerFactory for persistence unit 'default'
12-Apr-2022 10:19:46 INFO - HikariPool-1 - Shutdown initiated...
12-Apr-2022 10:19:46 INFO - HikariPool-1 - Shutdown completed.
12-Apr-2022 10:19:47 INFO - Closing JPA EntityManagerFactory for persistence unit 'default'
12-Apr-2022 10:19:47 INFO - HikariPool-1 - Shutdown initiated...
12-Apr-2022 10:19:47 INFO - HikariPool-1 - Shutdown completed.
12-Apr-2022 10:21:51 INFO - Bootstrapping Spring Data JPA repositories in DEFAULT mode.
12-Apr-2022 10:21:51 INFO - Finished Spring Data repository scanning in 100 ms. Found 2 JPA repository interfaces.
12-Apr-2022 10:21:53 INFO - HHH000204: Processing PersistenceUnitInfo [name: default]
12-Apr-2022 10:21:53 INFO - HHH000412: Hibernate ORM core version 5.6.3.Final
12-Apr-2022 10:21:54 INFO - HCANN000001: Hibernate Commons Annotations {5.1.2.Final}
12-Apr-2022 10:21:54 INFO - HikariPool-1 - Starting...
12-Apr-2022 10:21:55 INFO - HikariPool-1 - Start completed.
12-Apr-2022 10:21:55 INFO - HHH000400: Using dialect: org.hibernate.dialect.MySQL8Dialect
12-Apr-2022 10:22:06 INFO - HHH000490: Using JtaPlatform implementation: [org.hibernate.engine.transaction.jta.platform.internal.NoJtaPlatform]
12-Apr-2022 10:22:06 INFO - Initialized JPA EntityManagerFactory for persistence unit 'default'
12-Apr-2022 10:22:10 INFO - Closing JPA EntityManagerFactory for persistence unit 'default'
12-Apr-2022 10:22:10 INFO - HikariPool-1 - Shutdown initiated...
12-Apr-2022 10:22:10 INFO - HikariPool-1 - Shutdown completed.
12-Apr-2022 10:23:30 INFO - Bootstrapping Spring Data JPA repositories in DEFAULT mode.
12-Apr-2022 10:23:30 INFO - Finished Spring Data repository scanning in 110 ms. Found 2 JPA repository interfaces.
12-Apr-2022 10:23:31 INFO - HHH000204: Processing PersistenceUnitInfo [name: default]
12-Apr-2022 10:23:32 INFO - HHH000412: Hibernate ORM core version 5.6.3.Final
12-Apr-2022 10:23:32 INFO - HCANN000001: Hibernate Commons Annotations {5.1.2.Final}
12-Apr-2022 10:23:32 INFO - HikariPool-1 - Starting...
12-Apr-2022 10:23:34 INFO - HikariPool-1 - Start completed.
12-Apr-2022 10:23:34 INFO - HHH000400: Using dialect: org.hibernate.dialect.MySQL8Dialect
12-Apr-2022 10:23:44 INFO - HHH000490: Using JtaPlatform implementation: [org.hibernate.engine.transaction.jta.platform.internal.NoJtaPlatform]
12-Apr-2022 10:23:44 INFO - Initialized JPA EntityManagerFactory for persistence unit 'default'
12-Apr-2022 10:23:46 INFO - Closing JPA EntityManagerFactory for persistence unit 'default'
12-Apr-2022 10:23:46 INFO - HikariPool-1 - Shutdown initiated...
12-Apr-2022 10:23:46 INFO - HikariPool-1 - Shutdown completed.
12-Apr-2022 10:27:52 INFO - Bootstrapping Spring Data JPA repositories in DEFAULT mode.
12-Apr-2022 10:27:52 INFO - Finished Spring Data repository scanning in 89 ms. Found 2 JPA repository interfaces.
12-Apr-2022 10:27:54 INFO - HHH000204: Processing PersistenceUnitInfo [name: default]
12-Apr-2022 10:27:54 INFO - HHH000412: Hibernate ORM core version 5.6.3.Final
12-Apr-2022 10:27:54 INFO - HCANN000001: Hibernate Commons Annotations {5.1.2.Final}
12-Apr-2022 10:27:55 INFO - HikariPool-1 - Starting...
12-Apr-2022 10:27:56 INFO - HikariPool-1 - Start completed.
12-Apr-2022 10:27:56 INFO - HHH000400: Using dialect: org.hibernate.dialect.MySQL8Dialect
12-Apr-2022 10:28:00 INFO - HHH000490: Using JtaPlatform implementation: [org.hibernate.engine.transaction.jta.platform.internal.NoJtaPlatform]
12-Apr-2022 10:28:00 INFO - Initialized JPA EntityManagerFactory for persistence unit 'default'
12-Apr-2022 10:28:09 INFO - Closing JPA EntityManagerFactory for persistence unit 'default'
12-Apr-2022 10:28:09 INFO - HikariPool-1 - Shutdown initiated...
12-Apr-2022 10:28:09 INFO - HikariPool-1 - Shutdown completed.
12-Apr-2022 10:31:36 INFO - Bootstrapping Spring Data JPA repositories in DEFAULT mode.
12-Apr-2022 10:31:36 INFO - Finished Spring Data repository scanning in 176 ms. Found 2 JPA repository interfaces.
12-Apr-2022 10:31:36 INFO - Bootstrapping Spring Data JPA repositories in DEFAULT mode.
12-Apr-2022 10:31:36 INFO - Finished Spring Data repository scanning in 180 ms. Found 2 JPA repository interfaces.
12-Apr-2022 10:31:39 INFO - HHH000204: Processing PersistenceUnitInfo [name: default]
12-Apr-2022 10:31:39 INFO - HHH000204: Processing PersistenceUnitInfo [name: default]
12-Apr-2022 10:31:39 INFO - HHH000412: Hibernate ORM core version 5.6.3.Final
12-Apr-2022 10:31:39 INFO - HHH000412: Hibernate ORM core version 5.6.3.Final
12-Apr-2022 10:31:40 INFO - HCANN000001: Hibernate Commons Annotations {5.1.2.Final}
12-Apr-2022 10:31:40 INFO - HCANN000001: Hibernate Commons Annotations {5.1.2.Final}
12-Apr-2022 10:31:40 INFO - HikariPool-1 - Starting...
12-Apr-2022 10:31:40 INFO - HikariPool-1 - Starting...
12-Apr-2022 10:31:41 INFO - HikariPool-1 - Start completed.
12-Apr-2022 10:31:41 INFO - HikariPool-1 - Start completed.
12-Apr-2022 10:31:41 INFO - HHH000400: Using dialect: org.hibernate.dialect.MySQL8Dialect
12-Apr-2022 10:31:42 INFO - HHH000400: Using dialect: org.hibernate.dialect.MySQL8Dialect
12-Apr-2022 10:31:46 INFO - HHH000490: Using JtaPlatform implementation: [org.hibernate.engine.transaction.jta.platform.internal.NoJtaPlatform]
12-Apr-2022 10:31:46 INFO - Initialized JPA EntityManagerFactory for persistence unit 'default'
12-Apr-2022 10:31:51 INFO - Closing JPA EntityManagerFactory for persistence unit 'default'
12-Apr-2022 10:31:51 INFO - HikariPool-1 - Shutdown initiated...
12-Apr-2022 10:31:51 INFO - HikariPool-1 - Shutdown completed.
12-Apr-2022 10:31:54 INFO - HHH000490: Using JtaPlatform implementation: [org.hibernate.engine.transaction.jta.platform.internal.NoJtaPlatform]
12-Apr-2022 10:31:54 INFO - Initialized JPA EntityManagerFactory for persistence unit 'default'
12-Apr-2022 10:31:58 INFO - Closing JPA EntityManagerFactory for persistence unit 'default'
12-Apr-2022 10:31:58 INFO - HikariPool-1 - Shutdown initiated...
12-Apr-2022 10:31:58 INFO - HikariPool-1 - Shutdown completed.
12-Apr-2022 11:34:15 INFO - Bootstrapping Spring Data JPA repositories in DEFAULT mode.
12-Apr-2022 11:34:16 INFO - Finished Spring Data repository scanning in 73 ms. Found 2 JPA repository interfaces.
12-Apr-2022 11:34:18 INFO - HHH000204: Processing PersistenceUnitInfo [name: default]
12-Apr-2022 11:34:19 INFO - HHH000412: Hibernate ORM core version 5.6.3.Final
12-Apr-2022 11:34:21 INFO - HCANN000001: Hibernate Commons Annotations {5.1.2.Final}
12-Apr-2022 11:34:23 INFO - HikariPool-1 - Starting...
12-Apr-2022 11:34:25 INFO - HikariPool-1 - Start completed.
12-Apr-2022 11:34:25 INFO - HHH000400: Using dialect: org.hibernate.dialect.MySQL8Dialect
12-Apr-2022 11:34:35 INFO - HHH000490: Using JtaPlatform implementation: [org.hibernate.engine.transaction.jta.platform.internal.NoJtaPlatform]
12-Apr-2022 11:34:35 INFO - Initialized JPA EntityManagerFactory for persistence unit 'default'
12-Apr-2022 11:34:36 INFO - Closing JPA EntityManagerFactory for persistence unit 'default'
12-Apr-2022 11:34:37 INFO - HikariPool-1 - Shutdown initiated...
12-Apr-2022 11:34:37 INFO - HikariPool-1 - Shutdown completed.
12-Apr-2022 11:35:14 INFO - Bootstrapping Spring Data JPA repositories in DEFAULT mode.
12-Apr-2022 11:35:14 INFO - Finished Spring Data repository scanning in 128 ms. Found 2 JPA repository interfaces.
12-Apr-2022 11:35:16 INFO - HHH000204: Processing PersistenceUnitInfo [name: default]
12-Apr-2022 11:35:16 INFO - HHH000412: Hibernate ORM core version 5.6.3.Final
12-Apr-2022 11:35:17 INFO - HCANN000001: Hibernate Commons Annotations {5.1.2.Final}
12-Apr-2022 11:35:17 INFO - HikariPool-1 - Starting...
12-Apr-2022 11:35:18 INFO - HikariPool-1 - Start completed.
12-Apr-2022 11:35:18 INFO - HHH000400: Using dialect: org.hibernate.dialect.MySQL8Dialect
12-Apr-2022 11:35:21 INFO - HHH000490: Using JtaPlatform implementation: [org.hibernate.engine.transaction.jta.platform.internal.NoJtaPlatform]
12-Apr-2022 11:35:21 INFO - Initialized JPA EntityManagerFactory for persistence unit 'default'
12-Apr-2022 11:35:22 INFO - Closing JPA EntityManagerFactory for persistence unit 'default'
12-Apr-2022 11:35:22 INFO - HikariPool-1 - Shutdown initiated...
12-Apr-2022 11:35:22 INFO - HikariPool-1 - Shutdown completed.
12-Apr-2022 11:36:17 INFO - Bootstrapping Spring Data JPA repositories in DEFAULT mode.
12-Apr-2022 11:36:17 INFO - Finished Spring Data repository scanning in 93 ms. Found 2 JPA repository interfaces.
12-Apr-2022 11:36:19 INFO - HHH000204: Processing PersistenceUnitInfo [name: default]
12-Apr-2022 11:36:19 INFO - HHH000412: Hibernate ORM core version 5.6.3.Final
12-Apr-2022 11:36:19 INFO - HCANN000001: Hibernate Commons Annotations {5.1.2.Final}
12-Apr-2022 11:36:19 INFO - HikariPool-1 - Starting...
12-Apr-2022 11:36:20 INFO - HikariPool-1 - Start completed.
12-Apr-2022 11:36:20 INFO - HHH000400: Using dialect: org.hibernate.dialect.MySQL8Dialect
12-Apr-2022 11:36:22 INFO - HHH000490: Using JtaPlatform implementation: [org.hibernate.engine.transaction.jta.platform.internal.NoJtaPlatform]
12-Apr-2022 11:36:22 INFO - Initialized JPA EntityManagerFactory for persistence unit 'default'
12-Apr-2022 11:36:25 INFO - Closing JPA EntityManagerFactory for persistence unit 'default'
12-Apr-2022 11:36:25 INFO - HikariPool-1 - Shutdown initiated...
12-Apr-2022 11:36:25 INFO - HikariPool-1 - Shutdown completed.
12-Apr-2022 11:38:35 INFO - Bootstrapping Spring Data JPA repositories in DEFAULT mode.
12-Apr-2022 11:38:35 INFO - Finished Spring Data repository scanning in 105 ms. Found 2 JPA repository interfaces.
12-Apr-2022 11:38:36 INFO - HHH000204: Processing PersistenceUnitInfo [name: default]
12-Apr-2022 11:38:37 INFO - HHH000412: Hibernate ORM core version 5.6.3.Final
12-Apr-2022 11:38:37 INFO - HCANN000001: Hibernate Commons Annotations {5.1.2.Final}
12-Apr-2022 11:38:37 INFO - HikariPool-1 - Starting...
12-Apr-2022 11:38:38 INFO - HikariPool-1 - Start completed.
12-Apr-2022 11:38:38 INFO - HHH000400: Using dialect: org.hibernate.dialect.MySQL8Dialect
12-Apr-2022 11:38:41 INFO - HHH000490: Using JtaPlatform implementation: [org.hibernate.engine.transaction.jta.platform.internal.NoJtaPlatform]
12-Apr-2022 11:38:41 INFO - Initialized JPA EntityManagerFactory for persistence unit 'default'
12-Apr-2022 11:38:42 INFO - Closing JPA EntityManagerFactory for persistence unit 'default'
12-Apr-2022 11:38:42 INFO - HikariPool-1 - Shutdown initiated...
12-Apr-2022 11:38:42 INFO - HikariPool-1 - Shutdown completed.
16-May-2022 16:43:43 INFO - Bootstrapping Spring Data JPA repositories in DEFAULT mode.
16-May-2022 16:43:43 INFO - Finished Spring Data repository scanning in 71 ms. Found 2 JPA repository interfaces.
16-May-2022 16:43:44 INFO - HHH000204: Processing PersistenceUnitInfo [name: default]
16-May-2022 16:43:45 INFO - HHH000412: Hibernate ORM core version 5.6.3.Final
16-May-2022 16:43:45 INFO - HCANN000001: Hibernate Commons Annotations {5.1.2.Final}
16-May-2022 16:43:45 INFO - HikariPool-1 - Starting...
16-May-2022 16:43:46 INFO - HikariPool-1 - Start completed.
16-May-2022 16:43:46 INFO - HHH000400: Using dialect: org.hibernate.dialect.MySQL8Dialect
16-May-2022 16:43:49 INFO - HHH000490: Using JtaPlatform implementation: [org.hibernate.engine.transaction.jta.platform.internal.NoJtaPlatform]
16-May-2022 16:43:49 INFO - Initialized JPA EntityManagerFactory for persistence unit 'default'
16-May-2022 16:43:50 INFO - Closing JPA EntityManagerFactory for persistence unit 'default'
16-May-2022 16:43:50 INFO - HikariPool-1 - Shutdown initiated...
16-May-2022 16:43:50 INFO - HikariPool-1 - Shutdown completed.
16-May-2022 16:45:03 INFO - Bootstrapping Spring Data JPA repositories in DEFAULT mode.
16-May-2022 16:45:03 INFO - Finished Spring Data repository scanning in 86 ms. Found 2 JPA repository interfaces.
16-May-2022 16:45:04 INFO - HHH000204: Processing PersistenceUnitInfo [name: default]
16-May-2022 16:45:05 INFO - HHH000412: Hibernate ORM core version 5.6.3.Final
16-May-2022 16:45:05 INFO - HCANN000001: Hibernate Commons Annotations {5.1.2.Final}
16-May-2022 16:45:05 INFO - HikariPool-1 - Starting...
16-May-2022 16:45:06 INFO - HikariPool-1 - Start completed.
16-May-2022 16:45:06 INFO - HHH000400: Using dialect: org.hibernate.dialect.MySQL8Dialect
16-May-2022 16:45:08 INFO - HHH000490: Using JtaPlatform implementation: [org.hibernate.engine.transaction.jta.platform.internal.NoJtaPlatform]
16-May-2022 16:45:08 INFO - Initialized JPA EntityManagerFactory for persistence unit 'default'
16-May-2022 16:45:10 INFO - Closing JPA EntityManagerFactory for persistence unit 'default'
16-May-2022 16:45:10 INFO - HikariPool-1 - Shutdown initiated...
16-May-2022 16:45:10 INFO - HikariPool-1 - Shutdown completed.
16-May-2022 16:46:39 INFO - Bootstrapping Spring Data JPA repositories in DEFAULT mode.
16-May-2022 16:46:39 INFO - Finished Spring Data repository scanning in 84 ms. Found 2 JPA repository interfaces.
16-May-2022 16:46:40 INFO - HHH000204: Processing PersistenceUnitInfo [name: default]
16-May-2022 16:46:40 INFO - HHH000412: Hibernate ORM core version 5.6.3.Final
16-May-2022 16:46:41 INFO - HCANN000001: Hibernate Commons Annotations {5.1.2.Final}
16-May-2022 16:46:41 INFO - HikariPool-1 - Starting...
16-May-2022 16:46:42 INFO - HikariPool-1 - Start completed.
16-May-2022 16:46:42 INFO - HHH000400: Using dialect: org.hibernate.dialect.MySQL8Dialect
16-May-2022 16:46:43 INFO - HHH000490: Using JtaPlatform implementation: [org.hibernate.engine.transaction.jta.platform.internal.NoJtaPlatform]
16-May-2022 16:46:43 INFO - Initialized JPA EntityManagerFactory for persistence unit 'default'
16-May-2022 16:46:45 INFO - Closing JPA EntityManagerFactory for persistence unit 'default'
16-May-2022 16:46:45 INFO - HikariPool-1 - Shutdown initiated...
16-May-2022 16:46:45 INFO - HikariPool-1 - Shutdown completed.
16-May-2022 16:48:43 INFO - Bootstrapping Spring Data JPA repositories in DEFAULT mode.
16-May-2022 16:48:43 INFO - Finished Spring Data repository scanning in 86 ms. Found 2 JPA repository interfaces.
16-May-2022 16:48:45 INFO - HHH000204: Processing PersistenceUnitInfo [name: default]
16-May-2022 16:48:45 INFO - HHH000412: Hibernate ORM core version 5.6.3.Final
16-May-2022 16:48:45 INFO - HCANN000001: Hibernate Commons Annotations {5.1.2.Final}
16-May-2022 16:48:45 INFO - HikariPool-1 - Starting...
16-May-2022 16:48:46 INFO - HikariPool-1 - Start completed.
16-May-2022 16:48:46 INFO - HHH000400: Using dialect: org.hibernate.dialect.MySQL8Dialect
16-May-2022 16:48:48 INFO - HHH000490: Using JtaPlatform implementation: [org.hibernate.engine.transaction.jta.platform.internal.NoJtaPlatform]
16-May-2022 16:48:48 INFO - Initialized JPA EntityManagerFactory for persistence unit 'default'
16-May-2022 16:48:50 INFO - Closing JPA EntityManagerFactory for persistence unit 'default'
16-May-2022 16:48:50 INFO - HikariPool-1 - Shutdown initiated...
16-May-2022 16:48:50 INFO - HikariPool-1 - Shutdown completed.
16-May-2022 16:49:46 INFO - Bootstrapping Spring Data JPA repositories in DEFAULT mode.
16-May-2022 16:49:46 INFO - Finished Spring Data repository scanning in 107 ms. Found 2 JPA repository interfaces.
16-May-2022 16:49:48 INFO - HHH000204: Processing PersistenceUnitInfo [name: default]
16-May-2022 16:49:48 INFO - HHH000412: Hibernate ORM core version 5.6.3.Final
16-May-2022 16:49:48 INFO - HCANN000001: Hibernate Commons Annotations {5.1.2.Final}
16-May-2022 16:49:48 INFO - HikariPool-1 - Starting...
16-May-2022 16:49:49 INFO - HikariPool-1 - Start completed.
16-May-2022 16:49:49 INFO - HHH000400: Using dialect: org.hibernate.dialect.MySQL8Dialect
16-May-2022 16:49:51 INFO - HHH000490: Using JtaPlatform implementation: [org.hibernate.engine.transaction.jta.platform.internal.NoJtaPlatform]
16-May-2022 16:49:51 INFO - Initialized JPA EntityManagerFactory for persistence unit 'default'
16-May-2022 16:49:53 INFO - Closing JPA EntityManagerFactory for persistence unit 'default'
16-May-2022 16:49:53 INFO - HikariPool-1 - Shutdown initiated...
16-May-2022 16:49:53 INFO - HikariPool-1 - Shutdown completed.
16-May-2022 16:51:19 INFO - Bootstrapping Spring Data JPA repositories in DEFAULT mode.
16-May-2022 16:51:19 INFO - Finished Spring Data repository scanning in 74 ms. Found 2 JPA repository interfaces.
16-May-2022 16:51:21 INFO - HHH000204: Processing PersistenceUnitInfo [name: default]
16-May-2022 16:51:21 INFO - HHH000412: Hibernate ORM core version 5.6.3.Final
16-May-2022 16:51:21 INFO - HCANN000001: Hibernate Commons Annotations {5.1.2.Final}
16-May-2022 16:51:21 INFO - HikariPool-1 - Starting...
16-May-2022 16:51:22 INFO - HikariPool-1 - Start completed.
16-May-2022 16:51:22 INFO - HHH000400: Using dialect: org.hibernate.dialect.MySQL8Dialect
16-May-2022 16:51:24 INFO - HHH000490: Using JtaPlatform implementation: [org.hibernate.engine.transaction.jta.platform.internal.NoJtaPlatform]
16-May-2022 16:51:24 INFO - Initialized JPA EntityManagerFactory for persistence unit 'default'
16-May-2022 16:51:26 INFO - Closing JPA EntityManagerFactory for persistence unit 'default'
16-May-2022 16:51:26 INFO - HikariPool-1 - Shutdown initiated...
16-May-2022 16:51:26 INFO - HikariPool-1 - Shutdown completed.
16-May-2022 16:54:32 INFO - Bootstrapping Spring Data JPA repositories in DEFAULT mode.
16-May-2022 16:54:32 INFO - Finished Spring Data repository scanning in 90 ms. Found 2 JPA repository interfaces.
16-May-2022 16:54:34 INFO - HHH000204: Processing PersistenceUnitInfo [name: default]
16-May-2022 16:54:34 INFO - HHH000412: Hibernate ORM core version 5.6.3.Final
16-May-2022 16:54:34 INFO - HCANN000001: Hibernate Commons Annotations {5.1.2.Final}
16-May-2022 16:54:34 INFO - HikariPool-1 - Starting...
16-May-2022 16:54:35 INFO - HikariPool-1 - Start completed.
16-May-2022 16:54:35 INFO - HHH000400: Using dialect: org.hibernate.dialect.MySQL8Dialect
16-May-2022 16:54:38 INFO - HHH000490: Using JtaPlatform implementation: [org.hibernate.engine.transaction.jta.platform.internal.NoJtaPlatform]
16-May-2022 16:54:38 INFO - Initialized JPA EntityManagerFactory for persistence unit 'default'
16-May-2022 16:54:40 INFO - Closing JPA EntityManagerFactory for persistence unit 'default'
16-May-2022 16:54:40 INFO - HikariPool-1 - Shutdown initiated...
16-May-2022 16:54:40 INFO - HikariPool-1 - Shutdown completed.
16-May-2022 16:58:45 INFO - Bootstrapping Spring Data JPA repositories in DEFAULT mode.
16-May-2022 16:58:46 INFO - Finished Spring Data repository scanning in 161 ms. Found 2 JPA repository interfaces.
16-May-2022 16:58:47 INFO - HHH000204: Processing PersistenceUnitInfo [name: default]
16-May-2022 16:58:48 INFO - HHH000412: Hibernate ORM core version 5.6.3.Final
16-May-2022 16:58:48 INFO - HCANN000001: Hibernate Commons Annotations {5.1.2.Final}
16-May-2022 16:58:48 INFO - HikariPool-1 - Starting...
16-May-2022 16:58:49 INFO - HikariPool-1 - Start completed.
16-May-2022 16:58:49 INFO - HHH000400: Using dialect: org.hibernate.dialect.MySQL8Dialect
16-May-2022 16:58:51 INFO - HHH000490: Using JtaPlatform implementation: [org.hibernate.engine.transaction.jta.platform.internal.NoJtaPlatform]
16-May-2022 16:58:51 INFO - Initialized JPA EntityManagerFactory for persistence unit 'default'
16-May-2022 16:58:53 INFO - Closing JPA EntityManagerFactory for persistence unit 'default'
16-May-2022 16:58:53 INFO - HikariPool-1 - Shutdown initiated...
16-May-2022 16:58:53 INFO - HikariPool-1 - Shutdown completed.
16-May-2022 17:02:53 INFO - Bootstrapping Spring Data JPA repositories in DEFAULT mode.
16-May-2022 17:02:53 INFO - Finished Spring Data repository scanning in 79 ms. Found 2 JPA repository interfaces.
16-May-2022 17:02:54 INFO - HHH000204: Processing PersistenceUnitInfo [name: default]
16-May-2022 17:02:55 INFO - HHH000412: Hibernate ORM core version 5.6.3.Final
16-May-2022 17:02:55 INFO - HCANN000001: Hibernate Commons Annotations {5.1.2.Final}
16-May-2022 17:02:55 INFO - HikariPool-1 - Starting...
16-May-2022 17:02:56 INFO - HikariPool-1 - Start completed.
16-May-2022 17:02:56 INFO - HHH000400: Using dialect: org.hibernate.dialect.MySQL8Dialect
16-May-2022 17:02:58 INFO - HHH000490: Using JtaPlatform implementation: [org.hibernate.engine.transaction.jta.platform.internal.NoJtaPlatform]
16-May-2022 17:02:58 INFO - Initialized JPA EntityManagerFactory for persistence unit 'default'
16-May-2022 17:03:00 ERROR - Service.INVALID_CUSTOMERID
com.infy.exception.InfyBankException: Service.INVALID_CUSTOMERID
	at com.infy.service.CustomerServiceImpl.lambda$1(CustomerServiceImpl.java:79) ~[classes/:?]
	at java.util.Optional.orElseThrow(Optional.java:401) ~[?:?]
	at com.infy.service.CustomerServiceImpl.updateAddress(CustomerServiceImpl.java:79) ~[classes/:?]
	at com.infy.service.CustomerServiceImpl$$FastClassBySpringCGLIB$$5a044175.invoke(<generated>) ~[classes/:?]
	at org.springframework.cglib.proxy.MethodProxy.invoke(MethodProxy.java:218) ~[spring-core-5.3.14.jar:5.3.14]
	at org.springframework.aop.framework.CglibAopProxy$CglibMethodInvocation.invokeJoinpoint(CglibAopProxy.java:783) ~[spring-aop-5.3.14.jar:5.3.14]
	at org.springframework.aop.framework.ReflectiveMethodInvocation.proceed(ReflectiveMethodInvocation.java:163) ~[spring-aop-5.3.14.jar:5.3.14]
	at org.springframework.aop.framework.CglibAopProxy$CglibMethodInvocation.proceed(CglibAopProxy.java:753) ~[spring-aop-5.3.14.jar:5.3.14]
	at org.springframework.aop.aspectj.AspectJAfterThrowingAdvice.invoke(AspectJAfterThrowingAdvice.java:64) [spring-aop-5.3.14.jar:5.3.14]
	at org.springframework.aop.framework.ReflectiveMethodInvocation.proceed(ReflectiveMethodInvocation.java:186) [spring-aop-5.3.14.jar:5.3.14]
	at org.springframework.aop.framework.CglibAopProxy$CglibMethodInvocation.proceed(CglibAopProxy.java:753) [spring-aop-5.3.14.jar:5.3.14]
	at org.springframework.transaction.interceptor.TransactionInterceptor$1.proceedWithInvocation(TransactionInterceptor.java:123) [spring-tx-5.3.14.jar:5.3.14]
	at org.springframework.transaction.interceptor.TransactionAspectSupport.invokeWithinTransaction(TransactionAspectSupport.java:388) [spring-tx-5.3.14.jar:5.3.14]
	at org.springframework.transaction.interceptor.TransactionInterceptor.invoke(TransactionInterceptor.java:119) [spring-tx-5.3.14.jar:5.3.14]
	at org.springframework.aop.framework.ReflectiveMethodInvocation.proceed(ReflectiveMethodInvocation.java:186) [spring-aop-5.3.14.jar:5.3.14]
	at org.springframework.aop.framework.CglibAopProxy$CglibMethodInvocation.proceed(CglibAopProxy.java:753) [spring-aop-5.3.14.jar:5.3.14]
	at org.springframework.aop.interceptor.ExposeInvocationInterceptor.invoke(ExposeInvocationInterceptor.java:97) [spring-aop-5.3.14.jar:5.3.14]
	at org.springframework.aop.framework.ReflectiveMethodInvocation.proceed(ReflectiveMethodInvocation.java:186) [spring-aop-5.3.14.jar:5.3.14]
	at org.springframework.aop.framework.CglibAopProxy$CglibMethodInvocation.proceed(CglibAopProxy.java:753) [spring-aop-5.3.14.jar:5.3.14]
	at org.springframework.aop.framework.CglibAopProxy$DynamicAdvisedInterceptor.intercept(CglibAopProxy.java:698) [spring-aop-5.3.14.jar:5.3.14]
	at com.infy.service.CustomerServiceImpl$$EnhancerBySpringCGLIB$$587b7433.updateAddress(<generated>) [classes/:?]
	at com.infy.DemoOneToOneApplication.updateAddress(DemoOneToOneApplication.java:101) [classes/:?]
	at com.infy.DemoOneToOneApplication.run(DemoOneToOneApplication.java:37) [classes/:?]
	at org.springframework.boot.SpringApplication.callRunner(SpringApplication.java:767) [spring-boot-2.6.2.jar:2.6.2]
	at org.springframework.boot.SpringApplication.callRunners(SpringApplication.java:751) [spring-boot-2.6.2.jar:2.6.2]
	at org.springframework.boot.SpringApplication.run(SpringApplication.java:309) [spring-boot-2.6.2.jar:2.6.2]
	at org.springframework.boot.SpringApplication.run(SpringApplication.java:1301) [spring-boot-2.6.2.jar:2.6.2]
	at org.springframework.boot.SpringApplication.run(SpringApplication.java:1290) [spring-boot-2.6.2.jar:2.6.2]
	at com.infy.DemoOneToOneApplication.main(DemoOneToOneApplication.java:29) [classes/:?]
16-May-2022 17:03:00 INFO - Closing JPA EntityManagerFactory for persistence unit 'default'
16-May-2022 17:03:00 INFO - HikariPool-1 - Shutdown initiated...
16-May-2022 17:03:00 INFO - HikariPool-1 - Shutdown completed.
16-May-2022 17:05:08 INFO - Bootstrapping Spring Data JPA repositories in DEFAULT mode.
16-May-2022 17:05:08 INFO - Finished Spring Data repository scanning in 135 ms. Found 2 JPA repository interfaces.
16-May-2022 17:05:10 INFO - HHH000204: Processing PersistenceUnitInfo [name: default]
16-May-2022 17:05:10 INFO - HHH000412: Hibernate ORM core version 5.6.3.Final
16-May-2022 17:05:10 INFO - HCANN000001: Hibernate Commons Annotations {5.1.2.Final}
16-May-2022 17:05:11 INFO - HikariPool-1 - Starting...
16-May-2022 17:05:12 INFO - HikariPool-1 - Start completed.
16-May-2022 17:05:12 INFO - HHH000400: Using dialect: org.hibernate.dialect.MySQL8Dialect
16-May-2022 17:05:14 INFO - HHH000490: Using JtaPlatform implementation: [org.hibernate.engine.transaction.jta.platform.internal.NoJtaPlatform]
16-May-2022 17:05:14 INFO - Initialized JPA EntityManagerFactory for persistence unit 'default'
16-May-2022 17:05:16 INFO - Closing JPA EntityManagerFactory for persistence unit 'default'
16-May-2022 17:05:16 INFO - HikariPool-1 - Shutdown initiated...
16-May-2022 17:05:16 INFO - HikariPool-1 - Shutdown completed.
16-May-2022 17:06:34 INFO - Bootstrapping Spring Data JPA repositories in DEFAULT mode.
16-May-2022 17:06:34 INFO - Finished Spring Data repository scanning in 119 ms. Found 2 JPA repository interfaces.
16-May-2022 17:06:35 INFO - HHH000204: Processing PersistenceUnitInfo [name: default]
16-May-2022 17:06:35 INFO - HHH000412: Hibernate ORM core version 5.6.3.Final
16-May-2022 17:06:36 INFO - HCANN000001: Hibernate Commons Annotations {5.1.2.Final}
16-May-2022 17:06:36 INFO - HikariPool-1 - Starting...
16-May-2022 17:06:37 INFO - HikariPool-1 - Start completed.
16-May-2022 17:06:37 INFO - HHH000400: Using dialect: org.hibernate.dialect.MySQL8Dialect
16-May-2022 17:06:40 INFO - HHH000490: Using JtaPlatform implementation: [org.hibernate.engine.transaction.jta.platform.internal.NoJtaPlatform]
16-May-2022 17:06:40 INFO - Initialized JPA EntityManagerFactory for persistence unit 'default'
16-May-2022 17:06:42 INFO - Closing JPA EntityManagerFactory for persistence unit 'default'
16-May-2022 17:06:42 INFO - HikariPool-1 - Shutdown initiated...
16-May-2022 17:06:42 INFO - HikariPool-1 - Shutdown completed.
16-May-2022 17:08:06 INFO - Bootstrapping Spring Data JPA repositories in DEFAULT mode.
16-May-2022 17:08:06 INFO - Finished Spring Data repository scanning in 105 ms. Found 2 JPA repository interfaces.
16-May-2022 17:08:07 INFO - HHH000204: Processing PersistenceUnitInfo [name: default]
16-May-2022 17:08:07 INFO - HHH000412: Hibernate ORM core version 5.6.3.Final
16-May-2022 17:08:07 INFO - HCANN000001: Hibernate Commons Annotations {5.1.2.Final}
16-May-2022 17:08:08 INFO - HikariPool-1 - Starting...
16-May-2022 17:08:08 INFO - HikariPool-1 - Start completed.
16-May-2022 17:08:08 INFO - HHH000400: Using dialect: org.hibernate.dialect.MySQL8Dialect
16-May-2022 17:08:10 INFO - HHH000490: Using JtaPlatform implementation: [org.hibernate.engine.transaction.jta.platform.internal.NoJtaPlatform]
16-May-2022 17:08:10 INFO - Initialized JPA EntityManagerFactory for persistence unit 'default'
16-May-2022 17:08:12 INFO - Closing JPA EntityManagerFactory for persistence unit 'default'
16-May-2022 17:08:12 INFO - HikariPool-1 - Shutdown initiated...
16-May-2022 17:08:12 INFO - HikariPool-1 - Shutdown completed.
16-May-2022 17:08:56 INFO - Bootstrapping Spring Data JPA repositories in DEFAULT mode.
16-May-2022 17:08:56 INFO - Finished Spring Data repository scanning in 75 ms. Found 2 JPA repository interfaces.
16-May-2022 17:08:57 INFO - HHH000204: Processing PersistenceUnitInfo [name: default]
16-May-2022 17:08:57 INFO - HHH000412: Hibernate ORM core version 5.6.3.Final
16-May-2022 17:08:58 INFO - HCANN000001: Hibernate Commons Annotations {5.1.2.Final}
16-May-2022 17:08:58 INFO - HikariPool-1 - Starting...
16-May-2022 17:08:59 INFO - HikariPool-1 - Start completed.
16-May-2022 17:08:59 INFO - HHH000400: Using dialect: org.hibernate.dialect.MySQL8Dialect
16-May-2022 17:09:01 INFO - HHH000490: Using JtaPlatform implementation: [org.hibernate.engine.transaction.jta.platform.internal.NoJtaPlatform]
16-May-2022 17:09:01 INFO - Initialized JPA EntityManagerFactory for persistence unit 'default'
16-May-2022 17:09:03 INFO - Closing JPA EntityManagerFactory for persistence unit 'default'
16-May-2022 17:09:03 INFO - HikariPool-1 - Shutdown initiated...
16-May-2022 17:09:03 INFO - HikariPool-1 - Shutdown completed.
16-May-2022 17:11:37 INFO - Bootstrapping Spring Data JPA repositories in DEFAULT mode.
16-May-2022 17:11:37 INFO - Finished Spring Data repository scanning in 107 ms. Found 2 JPA repository interfaces.
16-May-2022 17:11:38 INFO - HHH000204: Processing PersistenceUnitInfo [name: default]
16-May-2022 17:11:38 INFO - HHH000412: Hibernate ORM core version 5.6.3.Final
16-May-2022 17:11:39 INFO - HCANN000001: Hibernate Commons Annotations {5.1.2.Final}
16-May-2022 17:11:39 INFO - HikariPool-1 - Starting...
16-May-2022 17:11:40 INFO - HikariPool-1 - Start completed.
16-May-2022 17:11:40 INFO - HHH000400: Using dialect: org.hibernate.dialect.MySQL8Dialect
16-May-2022 17:11:41 INFO - HHH000490: Using JtaPlatform implementation: [org.hibernate.engine.transaction.jta.platform.internal.NoJtaPlatform]
16-May-2022 17:11:41 INFO - Initialized JPA EntityManagerFactory for persistence unit 'default'
16-May-2022 17:11:43 INFO - Closing JPA EntityManagerFactory for persistence unit 'default'
16-May-2022 17:11:43 INFO - HikariPool-1 - Shutdown initiated...
16-May-2022 17:11:43 INFO - HikariPool-1 - Shutdown completed.
17-May-2022 09:57:07 INFO - Bootstrapping Spring Data JPA repositories in DEFAULT mode.
17-May-2022 09:57:08 INFO - Finished Spring Data repository scanning in 313 ms. Found 4 JPA repository interfaces.
17-May-2022 09:57:11 INFO - HHH000204: Processing PersistenceUnitInfo [name: default]
17-May-2022 09:57:12 INFO - HHH000412: Hibernate ORM core version 5.6.3.Final
17-May-2022 09:57:13 INFO - HCANN000001: Hibernate Commons Annotations {5.1.2.Final}
17-May-2022 09:57:14 INFO - HikariPool-1 - Starting...
17-May-2022 09:57:18 INFO - HikariPool-1 - Start completed.
17-May-2022 09:57:19 INFO - HHH000400: Using dialect: org.hibernate.dialect.MySQL8Dialect
17-May-2022 09:58:00 INFO - HHH000490: Using JtaPlatform implementation: [org.hibernate.engine.transaction.jta.platform.internal.NoJtaPlatform]
17-May-2022 09:58:00 INFO - Initialized JPA EntityManagerFactory for persistence unit 'default'
17-May-2022 09:58:03 WARN - Exception encountered during context initialization - cancelling refresh attempt: org.springframework.beans.factory.UnsatisfiedDependencyException: Error creating bean with name 'demoOneToOneApplication': Unsatisfied dependency expressed through field 'scholarService'; nested exception is org.springframework.beans.factory.NoSuchBeanDefinitionException: No qualifying bean of type 'com.infy.service.ScholarService' available: expected at least 1 bean which qualifies as autowire candidate. Dependency annotations: {@org.springframework.beans.factory.annotation.Autowired(required=true)}
17-May-2022 09:58:03 INFO - Closing JPA EntityManagerFactory for persistence unit 'default'
17-May-2022 09:58:03 INFO - HikariPool-1 - Shutdown initiated...
17-May-2022 09:58:03 INFO - HikariPool-1 - Shutdown completed.
17-May-2022 09:58:03 INFO - 

Error starting ApplicationContext. To display the conditions report re-run your application with 'debug' enabled.
17-May-2022 09:58:04 ERROR - 

***************************
APPLICATION FAILED TO START
***************************

Description:

Field scholarService in com.infy.DemoOneToOneApplication required a bean of type 'com.infy.service.ScholarService' that could not be found.

The injection point has the following annotations:
	- @org.springframework.beans.factory.annotation.Autowired(required=true)


Action:

Consider defining a bean of type 'com.infy.service.ScholarService' in your configuration.

17-May-2022 09:59:49 INFO - Bootstrapping Spring Data JPA repositories in DEFAULT mode.
17-May-2022 09:59:49 INFO - Finished Spring Data repository scanning in 171 ms. Found 4 JPA repository interfaces.
17-May-2022 09:59:51 INFO - HHH000204: Processing PersistenceUnitInfo [name: default]
17-May-2022 09:59:52 INFO - HHH000412: Hibernate ORM core version 5.6.3.Final
17-May-2022 09:59:53 INFO - HCANN000001: Hibernate Commons Annotations {5.1.2.Final}
17-May-2022 09:59:53 INFO - HikariPool-1 - Starting...
17-May-2022 09:59:55 INFO - HikariPool-1 - Start completed.
17-May-2022 09:59:55 INFO - HHH000400: Using dialect: org.hibernate.dialect.MySQL8Dialect
17-May-2022 09:59:58 INFO - HHH000490: Using JtaPlatform implementation: [org.hibernate.engine.transaction.jta.platform.internal.NoJtaPlatform]
17-May-2022 09:59:58 INFO - Initialized JPA EntityManagerFactory for persistence unit 'default'
17-May-2022 10:00:03 INFO - Closing JPA EntityManagerFactory for persistence unit 'default'
17-May-2022 10:00:03 INFO - HikariPool-1 - Shutdown initiated...
17-May-2022 10:00:03 INFO - HikariPool-1 - Shutdown completed.
